[0124/153037.732:ERROR:process_info.cc(375)] NtQuerySystemInformation SystemExtendedHandleInformation: The specified information record length does not match the length required for the specified information class. (0xc0000004)
[0125/195818.286:ERROR:process_info.cc(359)] UncheckedAllocate
[0129/023550.566:ERROR:filesystem_win.cc(148)] DeleteFile C:\Users\agordic\AppData\Local\Temp\scoped_dir140384_1573424449\Crashpad\reports\0430a6dc-96aa-4c04-b8e8-a2238cbc0425.dmp: The process cannot access the file because it is being used by another process. (0x20)
[0204/192443.067:ERROR:process_memory_win.cc(73)] ReadMemory at 0x7ff74c4e0000 of 64 bytes failed: Only part of a ReadProcessMemory or WriteProcessMemory request was completed. (0x12B)
[0204/192443.070:WARNING:pe_image_reader.cc(340)] could not read dos header from C:\Program Files (x86)\Google\Chrome\Application\chrome.exe
[0204/192443.070:ERROR:process_memory_win.cc(73)] ReadMemory at 0x7ff8f3560000 of 64 bytes failed: Only part of a ReadProcessMemory or WriteProcessMemory request was completed. (0x12B)
[0204/192443.070:WARNING:pe_image_reader.cc(340)] could not read dos header from C:\Windows\SYSTEM32\ntdll.dll
[0204/192443.070:ERROR:process_memory_win.cc(73)] ReadMemory at 0x7ff8f33c0000 of 64 bytes failed: Only part of a ReadProcessMemory or WriteProcessMemory request was completed. (0x12B)
[0204/192443.070:WARNING:pe_image_reader.cc(340)] could not read dos header from C:\Windows\System32\KERNEL32.DLL
[0204/192443.071:ERROR:process_memory_win.cc(73)] ReadMemory at 0x7ff8f1110000 of 64 bytes failed: Only part of a ReadProcessMemory or WriteProcessMemory request was completed. (0x12B)
[0204/192443.071:WARNING:pe_image_reader.cc(340)] could not read dos header from C:\Windows\System32\KERNELBASE.dll
[0204/192443.071:ERROR:process_memory_win.cc(73)] ReadMemory at 0x7ff8a04d0000 of 64 bytes failed: Only part of a ReadProcessMemory or WriteProcessMemory request was completed. (0x12B)
[0204/192443.071:WARNING:pe_image_reader.cc(340)] could not read dos header from C:\Program Files (x86)\Google\Chrome\Application\79.0.3945.130\chrome_elf.dll
[0204/192443.071:ERROR:process_memory_win.cc(73)] ReadMemory at 0x7ff8e9000000 of 64 bytes failed: Only part of a ReadProcessMemory or WriteProcessMemory request was completed. (0x12B)
[0204/192443.071:WARNING:pe_image_reader.cc(340)] could not read dos header from C:\Windows\SYSTEM32\VERSION.dll
[0204/192443.071:ERROR:process_memory_win.cc(73)] ReadMemory at 0x20b23b30000 of 64 bytes failed: Only part of a ReadProcessMemory or WriteProcessMemory request was completed. (0x12B)
[0204/192443.071:WARNING:pe_image_reader.cc(340)] could not read dos header from C:\Windows\System32\msvcrt.dll
[0204/192443.071:ERROR:process_memory_win.cc(73)] ReadMemory at 0x7ff8f0ff0000 of 64 bytes failed: Only part of a ReadProcessMemory or WriteProcessMemory request was completed. (0x12B)
[0204/192443.071:WARNING:pe_image_reader.cc(340)] could not read dos header from C:\Windows\System32\bcryptPrimitives.dll
[0204/192443.071:ERROR:process_memory_win.cc(73)] ReadMemory at 0x7ff8f1a20000 of 64 bytes failed: Only part of a ReadProcessMemory or WriteProcessMemory request was completed. (0x12B)
[0204/192443.071:WARNING:pe_image_reader.cc(340)] could not read dos header from C:\Windows\System32\ADVAPI32.dll
[0204/192443.071:ERROR:process_memory_win.cc(73)] ReadMemory at 0x7ff8f1c50000 of 64 bytes failed: Only part of a ReadProcessMemory or WriteProcessMemory request was completed. (0x12B)
[0204/192443.071:WARNING:pe_image_reader.cc(340)] could not read dos header from C:\Windows\System32\sechost.dll
[0204/192443.071:ERROR:process_memory_win.cc(73)] ReadMemory at 0x7ff8f2df0000 of 64 bytes failed: Only part of a ReadProcessMemory or WriteProcessMemory request was completed. (0x12B)
[0204/192443.071:WARNING:pe_image_reader.cc(340)] could not read dos header from C:\Windows\System32\RPCRT4.dll
[0204/192443.071:ERROR:process_memory_win.cc(73)] ReadMemory at 0x7ff86afe0000 of 64 bytes failed: Only part of a ReadProcessMemory or WriteProcessMemory request was completed. (0x12B)
[0204/192443.071:WARNING:pe_image_reader.cc(340)] could not read dos header from C:\Program Files (x86)\Google\Chrome\Application\79.0.3945.130\chrome_child.dll
[0204/192443.071:ERROR:process_memory_win.cc(73)] ReadMemory at 0x7ff8f1b80000 of 64 bytes failed: Only part of a ReadProcessMemory or WriteProcessMemory request was completed. (0x12B)
[0204/192443.071:WARNING:pe_image_reader.cc(340)] could not read dos header from C:\Windows\System32\OLEAUT32.dll
[0204/192443.071:ERROR:process_memory_win.cc(73)] ReadMemory at 0x7ff8f1070000 of 64 bytes failed: Only part of a ReadProcessMemory or WriteProcessMemory request was completed. (0x12B)
[0204/192443.071:WARNING:pe_image_reader.cc(340)] could not read dos header from C:\Windows\System32\msvcp_win.dll
[0204/192443.072:ERROR:process_memory_win.cc(73)] ReadMemory at 0x7ff8f04f0000 of 64 bytes failed: Only part of a ReadProcessMemory or WriteProcessMemory request was completed. (0x12B)
[0204/192443.072:WARNING:pe_image_reader.cc(340)] could not read dos header from C:\Windows\System32\ucrtbase.dll
[0204/192443.072:ERROR:process_memory_win.cc(73)] ReadMemory at 0x7ff8f1610000 of 64 bytes failed: Only part of a ReadProcessMemory or WriteProcessMemory request was completed. (0x12B)
[0204/192443.072:WARNING:pe_image_reader.cc(340)] could not read dos header from C:\Windows\System32\combase.dll
[0204/192443.072:ERROR:process_memory_win.cc(73)] ReadMemory at 0x7ff8f2760000 of 64 bytes failed: Only part of a ReadProcessMemory or WriteProcessMemory request was completed. (0x12B)
[0204/192443.072:WARNING:pe_image_reader.cc(340)] could not read dos header from C:\Windows\System32\WS2_32.dll
[0204/192443.072:ERROR:process_memory_win.cc(73)] ReadMemory at 0x7ff8f07e0000 of 64 bytes failed: Only part of a ReadProcessMemory or WriteProcessMemory request was completed. (0x12B)
[0204/192443.072:WARNING:pe_image_reader.cc(340)] could not read dos header from C:\Windows\System32\WINTRUST.dll
[0204/192443.072:ERROR:process_memory_win.cc(73)] ReadMemory at 0x7ff8f0480000 of 64 bytes failed: Only part of a ReadProcessMemory or WriteProcessMemory request was completed. (0x12B)
[0204/192443.072:WARNING:pe_image_reader.cc(340)] could not read dos header from C:\Windows\System32\MSASN1.dll
[0204/192443.072:ERROR:process_memory_win.cc(73)] ReadMemory at 0x7ff8f1490000 of 64 bytes failed: Only part of a ReadProcessMemory or WriteProcessMemory request was completed. (0x12B)
[0204/192443.072:WARNING:pe_image_reader.cc(340)] could not read dos header from C:\Windows\System32\CRYPT32.dll
[0204/192443.072:ERROR:process_memory_win.cc(73)] ReadMemory at 0x7ff8ef9b0000 of 64 bytes failed: Only part of a ReadProcessMemory or WriteProcessMemory request was completed. (0x12B)
[0204/192443.072:WARNING:pe_image_reader.cc(340)] could not read dos header from C:\Windows\SYSTEM32\IPHLPAPI.DLL
[0204/192443.072:ERROR:process_memory_win.cc(73)] ReadMemory at 0x7ff8e77c0000 of 64 bytes failed: Only part of a ReadProcessMemory or WriteProcessMemory request was completed. (0x12B)
[0204/192443.072:WARNING:pe_image_reader.cc(340)] could not read dos header from C:\Windows\SYSTEM32\WINMM.dll
[0204/192443.072:ERROR:process_memory_win.cc(73)] ReadMemory at 0x7ff8f0350000 of 64 bytes failed: Only part of a ReadProcessMemory or WriteProcessMemory request was completed. (0x12B)
[0204/192443.072:WARNING:pe_image_reader.cc(340)] could not read dos header from C:\Windows\SYSTEM32\USERENV.dll
[0204/192443.072:ERROR:process_memory_win.cc(73)] ReadMemory at 0x7ff8f0440000 of 64 bytes failed: Only part of a ReadProcessMemory or WriteProcessMemory request was completed. (0x12B)
[0204/192443.072:WARNING:pe_image_reader.cc(340)] could not read dos header from C:\Windows\System32\profapi.dll
[0204/192443.072:ERROR:process_memory_win.cc(73)] ReadMemory at 0x7ff8df120000 of 64 bytes failed: Only part of a ReadProcessMemory or WriteProcessMemory request was completed. (0x12B)
[0204/192443.072:WARNING:pe_image_reader.cc(340)] could not read dos header from C:\Windows\SYSTEM32\DWrite.dll
[0204/192443.072:ERROR:process_memory_win.cc(73)] ReadMemory at 0x7ff8d0640000 of 64 bytes failed: Only part of a ReadProcessMemory or WriteProcessMemory request was completed. (0x12B)
[0204/192443.072:WARNING:pe_image_reader.cc(340)] could not read dos header from C:\Windows\SYSTEM32\WINSPOOL.DRV
[0204/192443.072:ERROR:process_memory_win.cc(73)] ReadMemory at 0x7ff8f0460000 of 64 bytes failed: Only part of a ReadProcessMemory or WriteProcessMemory request was completed. (0x12B)
[0204/192443.072:WARNING:pe_image_reader.cc(340)] could not read dos header from C:\Windows\System32\kernel.appcore.dll
[0204/192443.073:ERROR:process_memory_win.cc(73)] ReadMemory at 0x7ff8f15e0000 of 64 bytes failed: Only part of a ReadProcessMemory or WriteProcessMemory request was completed. (0x12B)
[0204/192443.073:WARNING:pe_image_reader.cc(340)] could not read dos header from C:\Windows\System32\bcrypt.dll
[0204/192443.073:ERROR:process_memory_win.cc(73)] ReadMemory at 0x7ff8edf30000 of 64 bytes failed: Only part of a ReadProcessMemory or WriteProcessMemory request was completed. (0x12B)
[0204/192443.073:WARNING:pe_image_reader.cc(340)] could not read dos header from C:\Windows\SYSTEM32\dbghelp.dll
[0204/192443.073:ERROR:process_memory_win.cc(73)] ReadMemory at 0x7ff8e4ed0000 of 64 bytes failed: Only part of a ReadProcessMemory or WriteProcessMemory request was completed. (0x12B)
[0204/192443.073:WARNING:pe_image_reader.cc(340)] could not read dos header from C:\Windows\SYSTEM32\Secur32.dll
[0204/192443.073:ERROR:process_memory_win.cc(73)] ReadMemory at 0x7ff8ee8c0000 of 64 bytes failed: Only part of a ReadProcessMemory or WriteProcessMemory request was completed. (0x12B)
[0204/192443.073:WARNING:pe_image_reader.cc(340)] could not read dos header from C:\Windows\SYSTEM32\WINHTTP.dll
[0204/192443.073:ERROR:process_memory_win.cc(73)] ReadMemory at 0x7ff8ea710000 of 64 bytes failed: Only part of a ReadProcessMemory or WriteProcessMemory request was completed. (0x12B)
[0204/192443.073:WARNING:pe_image_reader.cc(340)] could not read dos header from C:\Windows\SYSTEM32\dhcpcsvc.DLL
[0204/192443.073:ERROR:process_memory_win.cc(73)] ReadMemory at 0x7ff8f1d00000 of 64 bytes failed: Only part of a ReadProcessMemory or WriteProcessMemory request was completed. (0x12B)
[0204/192443.073:WARNING:pe_image_reader.cc(340)] could not read dos header from C:\Windows\System32\NSI.dll
[0204/192443.073:ERROR:process_memory_win.cc(73)] ReadMemory at 0x7ff8e7790000 of 64 bytes failed: Only part of a ReadProcessMemory or WriteProcessMemory request was completed. (0x12B)
[0204/192443.073:WARNING:pe_image_reader.cc(340)] could not read dos header from C:\Windows\SYSTEM32\WINMMBASE.dll
[0204/192443.073:ERROR:process_memory_win.cc(73)] ReadMemory at 0x7ff8f05f0000 of 64 bytes failed: Only part of a ReadProcessMemory or WriteProcessMemory request was completed. (0x12B)
[0204/192443.073:WARNING:pe_image_reader.cc(340)] could not read dos header from C:\Windows\System32\cfgmgr32.dll
[0204/192443.074:ERROR:process_memory_win.cc(73)] ReadMemory at 0x7ff8edd00000 of 64 bytes failed: Only part of a ReadProcessMemory or WriteProcessMemory request was completed. (0x12B)
[0204/192443.074:WARNING:pe_image_reader.cc(340)] could not read dos header from C:\Windows\SYSTEM32\PROPSYS.dll
[0204/192443.074:ERROR:process_memory_win.cc(73)] ReadMemory at 0x7ff8f1d10000 of 64 bytes failed: Only part of a ReadProcessMemory or WriteProcessMemory request was completed. (0x12B)
[0204/192443.074:WARNING:pe_image_reader.cc(340)] could not read dos header from C:\Windows\System32\shcore.dll
[0204/192443.074:ERROR:process_memory_win.cc(73)] ReadMemory at 0x7ff8f0320000 of 64 bytes failed: Only part of a ReadProcessMemory or WriteProcessMemory request was completed. (0x12B)
[0204/192443.074:WARNING:pe_image_reader.cc(340)] could not read dos header from C:\Windows\SYSTEM32\SSPICLI.DLL
[0204/192443.074:ERROR:process_memory_win.cc(73)] ReadMemory at 0x7ff8f1f60000 of 64 bytes failed: Only part of a ReadProcessMemory or WriteProcessMemory request was completed. (0x12B)
[0204/192443.074:WARNING:pe_image_reader.cc(340)] could not read dos header from C:\Windows\System32\SHELL32.dll
[0204/192443.074:ERROR:process_memory_win.cc(73)] ReadMemory at 0x7ff8f0840000 of 64 bytes failed: Only part of a ReadProcessMemory or WriteProcessMemory request was completed. (0x12B)
[0204/192443.074:WARNING:pe_image_reader.cc(340)] could not read dos header from C:\Windows\System32\windows.storage.dll
[0204/192443.074:ERROR:process_memory_win.cc(73)] ReadMemory at 0x7ff8f04a0000 of 64 bytes failed: Only part of a ReadProcessMemory or WriteProcessMemory request was completed. (0x12B)
[0204/192443.074:WARNING:pe_image_reader.cc(340)] could not read dos header from C:\Windows\System32\powrprof.dll
[0204/192443.074:ERROR:process_memory_win.cc(73)] ReadMemory at 0x7ff8f0430000 of 64 bytes failed: Only part of a ReadProcessMemory or WriteProcessMemory request was completed. (0x12B)
[0204/192443.074:WARNING:pe_image_reader.cc(340)] could not read dos header from C:\Windows\System32\UMPDC.dll
[0204/192443.074:ERROR:process_memory_win.cc(73)] ReadMemory at 0x7ff8f1950000 of 64 bytes failed: Only part of a ReadProcessMemory or WriteProcessMemory request was completed. (0x12B)
[0204/192443.074:WARNING:pe_image_reader.cc(340)] could not read dos header from C:\Windows\System32\shlwapi.dll
[0204/192443.074:ERROR:process_memory_win.cc(73)] ReadMemory at 0x7ff8f26d0000 of 64 bytes failed: Only part of a ReadProcessMemory or WriteProcessMemory request was completed. (0x12B)
[0204/192443.074:WARNING:pe_image_reader.cc(340)] could not read dos header from C:\Windows\System32\GDI32.dll
[0204/192443.074:ERROR:process_memory_win.cc(73)] ReadMemory at 0x7ff8f0fc0000 of 64 bytes failed: Only part of a ReadProcessMemory or WriteProcessMemory request was completed. (0x12B)
[0204/192443.074:WARNING:pe_image_reader.cc(340)] could not read dos header from C:\Windows\System32\win32u.dll
[0204/192443.074:ERROR:process_memory_win.cc(73)] ReadMemory at 0x7ff8f0640000 of 64 bytes failed: Only part of a ReadProcessMemory or WriteProcessMemory request was completed. (0x12B)
[0204/192443.074:WARNING:pe_image_reader.cc(340)] could not read dos header from C:\Windows\System32\gdi32full.dll
[0204/192443.074:ERROR:process_memory_win.cc(73)] ReadMemory at 0x7ff8f1dc0000 of 64 bytes failed: Only part of a ReadProcessMemory or WriteProcessMemory request was completed. (0x12B)
[0204/192443.075:WARNING:pe_image_reader.cc(340)] could not read dos header from C:\Windows\System32\USER32.dll
[0204/192443.075:ERROR:process_memory_win.cc(73)] ReadMemory at 0x7ff8f1470000 of 64 bytes failed: Only part of a ReadProcessMemory or WriteProcessMemory request was completed. (0x12B)
[0204/192443.075:WARNING:pe_image_reader.cc(340)] could not read dos header from C:\Windows\System32\cryptsp.dll
[0204/192443.075:ERROR:process_memory_win.cc(73)] ReadMemory at 0x7ff8f32f0000 of 64 bytes failed: Only part of a ReadProcessMemory or WriteProcessMemory request was completed. (0x12B)
[0204/192443.075:WARNING:pe_image_reader.cc(340)] could not read dos header from C:\Windows\System32\IMM32.DLL
[0204/192443.075:ERROR:process_memory_win.cc(73)] ReadMemory at 0x7ff8efe70000 of 64 bytes failed: Only part of a ReadProcessMemory or WriteProcessMemory request was completed. (0x12B)
[0204/192443.075:WARNING:pe_image_reader.cc(340)] could not read dos header from C:\Windows\SYSTEM32\CRYPTBASE.DLL
[0204/192443.075:ERROR:process_memory_win.cc(73)] ReadMemory at 0x7ff74c4e0000 of 64 bytes failed: Only part of a ReadProcessMemory or WriteProcessMemory request was completed. (0x12B)
[0204/192443.075:WARNING:pe_image_reader.cc(340)] could not read dos header from C:\Program Files (x86)\Google\Chrome\Application\chrome.exe
[0204/192443.075:ERROR:process_memory_win.cc(73)] ReadMemory at 0x7ff8f3560000 of 64 bytes failed: Only part of a ReadProcessMemory or WriteProcessMemory request was completed. (0x12B)
[0204/192443.075:WARNING:pe_image_reader.cc(340)] could not read dos header from C:\Windows\SYSTEM32\ntdll.dll
[0204/192443.075:ERROR:process_memory_win.cc(73)] ReadMemory at 0x7ff8f33c0000 of 64 bytes failed: Only part of a ReadProcessMemory or WriteProcessMemory request was completed. (0x12B)
[0204/192443.075:WARNING:pe_image_reader.cc(340)] could not read dos header from C:\Windows\System32\KERNEL32.DLL
[0204/192443.075:ERROR:process_memory_win.cc(73)] ReadMemory at 0x7ff8f1110000 of 64 bytes failed: Only part of a ReadProcessMemory or WriteProcessMemory request was completed. (0x12B)
[0204/192443.075:WARNING:pe_image_reader.cc(340)] could not read dos header from C:\Windows\System32\KERNELBASE.dll
[0204/192443.075:ERROR:process_memory_win.cc(73)] ReadMemory at 0x7ff8a04d0000 of 64 bytes failed: Only part of a ReadProcessMemory or WriteProcessMemory request was completed. (0x12B)
[0204/192443.075:WARNING:pe_image_reader.cc(340)] could not read dos header from C:\Program Files (x86)\Google\Chrome\Application\79.0.3945.130\chrome_elf.dll
[0204/192443.075:ERROR:process_memory_win.cc(73)] ReadMemory at 0x7ff8e9000000 of 64 bytes failed: Only part of a ReadProcessMemory or WriteProcessMemory request was completed. (0x12B)
[0204/192443.075:WARNING:pe_image_reader.cc(340)] could not read dos header from C:\Windows\SYSTEM32\VERSION.dll
[0204/192443.075:ERROR:process_memory_win.cc(73)] ReadMemory at 0x20b23b30000 of 64 bytes failed: Only part of a ReadProcessMemory or WriteProcessMemory request was completed. (0x12B)
[0204/192443.075:WARNING:pe_image_reader.cc(340)] could not read dos header from C:\Windows\System32\msvcrt.dll
[0204/192443.075:ERROR:process_memory_win.cc(73)] ReadMemory at 0x7ff8f0ff0000 of 64 bytes failed: Only part of a ReadProcessMemory or WriteProcessMemory request was completed. (0x12B)
[0204/192443.076:WARNING:pe_image_reader.cc(340)] could not read dos header from C:\Windows\System32\bcryptPrimitives.dll
[0204/192443.076:ERROR:process_memory_win.cc(73)] ReadMemory at 0x7ff8f1a20000 of 64 bytes failed: Only part of a ReadProcessMemory or WriteProcessMemory request was completed. (0x12B)
[0204/192443.076:WARNING:pe_image_reader.cc(340)] could not read dos header from C:\Windows\System32\ADVAPI32.dll
[0204/192443.076:ERROR:process_memory_win.cc(73)] ReadMemory at 0x7ff8f1c50000 of 64 bytes failed: Only part of a ReadProcessMemory or WriteProcessMemory request was completed. (0x12B)
[0204/192443.076:WARNING:pe_image_reader.cc(340)] could not read dos header from C:\Windows\System32\sechost.dll
[0204/192443.076:ERROR:process_memory_win.cc(73)] ReadMemory at 0x7ff8f2df0000 of 64 bytes failed: Only part of a ReadProcessMemory or WriteProcessMemory request was completed. (0x12B)
[0204/192443.076:WARNING:pe_image_reader.cc(340)] could not read dos header from C:\Windows\System32\RPCRT4.dll
[0204/192443.076:ERROR:process_memory_win.cc(73)] ReadMemory at 0x7ff86afe0000 of 64 bytes failed: Only part of a ReadProcessMemory or WriteProcessMemory request was completed. (0x12B)
[0204/192443.076:WARNING:pe_image_reader.cc(340)] could not read dos header from C:\Program Files (x86)\Google\Chrome\Application\79.0.3945.130\chrome_child.dll
[0204/192443.076:ERROR:process_memory_win.cc(73)] ReadMemory at 0x7ff8f1b80000 of 64 bytes failed: Only part of a ReadProcessMemory or WriteProcessMemory request was completed. (0x12B)
[0204/192443.076:WARNING:pe_image_reader.cc(340)] could not read dos header from C:\Windows\System32\OLEAUT32.dll
[0204/192443.076:ERROR:process_memory_win.cc(73)] ReadMemory at 0x7ff8f1070000 of 64 bytes failed: Only part of a ReadProcessMemory or WriteProcessMemory request was completed. (0x12B)
[0204/192443.076:WARNING:pe_image_reader.cc(340)] could not read dos header from C:\Windows\System32\msvcp_win.dll
[0204/192443.076:ERROR:process_memory_win.cc(73)] ReadMemory at 0x7ff8f04f0000 of 64 bytes failed: Only part of a ReadProcessMemory or WriteProcessMemory request was completed. (0x12B)
[0204/192443.076:WARNING:pe_image_reader.cc(340)] could not read dos header from C:\Windows\System32\ucrtbase.dll
[0204/192443.076:ERROR:process_memory_win.cc(73)] ReadMemory at 0x7ff8f1610000 of 64 bytes failed: Only part of a ReadProcessMemory or WriteProcessMemory request was completed. (0x12B)
[0204/192443.076:WARNING:pe_image_reader.cc(340)] could not read dos header from C:\Windows\System32\combase.dll
[0204/192443.076:ERROR:process_memory_win.cc(73)] ReadMemory at 0x7ff8f2760000 of 64 bytes failed: Only part of a ReadProcessMemory or WriteProcessMemory request was completed. (0x12B)
[0204/192443.076:WARNING:pe_image_reader.cc(340)] could not read dos header from C:\Windows\System32\WS2_32.dll
[0204/192443.077:ERROR:process_memory_win.cc(73)] ReadMemory at 0x7ff8f07e0000 of 64 bytes failed: Only part of a ReadProcessMemory or WriteProcessMemory request was completed. (0x12B)
[0204/192443.077:WARNING:pe_image_reader.cc(340)] could not read dos header from C:\Windows\System32\WINTRUST.dll
[0204/192443.077:ERROR:process_memory_win.cc(73)] ReadMemory at 0x7ff8f0480000 of 64 bytes failed: Only part of a ReadProcessMemory or WriteProcessMemory request was completed. (0x12B)
[0204/192443.077:WARNING:pe_image_reader.cc(340)] could not read dos header from C:\Windows\System32\MSASN1.dll
[0204/192443.077:ERROR:process_memory_win.cc(73)] ReadMemory at 0x7ff8f1490000 of 64 bytes failed: Only part of a ReadProcessMemory or WriteProcessMemory request was completed. (0x12B)
[0204/192443.077:WARNING:pe_image_reader.cc(340)] could not read dos header from C:\Windows\System32\CRYPT32.dll
[0204/192443.077:ERROR:process_memory_win.cc(73)] ReadMemory at 0x7ff8ef9b0000 of 64 bytes failed: Only part of a ReadProcessMemory or WriteProcessMemory request was completed. (0x12B)
[0204/192443.077:WARNING:pe_image_reader.cc(340)] could not read dos header from C:\Windows\SYSTEM32\IPHLPAPI.DLL
[0204/192443.077:ERROR:process_memory_win.cc(73)] ReadMemory at 0x7ff8e77c0000 of 64 bytes failed: Only part of a ReadProcessMemory or WriteProcessMemory request was completed. (0x12B)
[0204/192443.077:WARNING:pe_image_reader.cc(340)] could not read dos header from C:\Windows\SYSTEM32\WINMM.dll
[0204/192443.077:ERROR:process_memory_win.cc(73)] ReadMemory at 0x7ff8f0350000 of 64 bytes failed: Only part of a ReadProcessMemory or WriteProcessMemory request was completed. (0x12B)
[0204/192443.077:WARNING:pe_image_reader.cc(340)] could not read dos header from C:\Windows\SYSTEM32\USERENV.dll
[0204/192443.077:ERROR:process_memory_win.cc(73)] ReadMemory at 0x7ff8f0440000 of 64 bytes failed: Only part of a ReadProcessMemory or WriteProcessMemory request was completed. (0x12B)
[0204/192443.077:WARNING:pe_image_reader.cc(340)] could not read dos header from C:\Windows\System32\profapi.dll
[0204/192443.077:ERROR:process_memory_win.cc(73)] ReadMemory at 0x7ff8df120000 of 64 bytes failed: Only part of a ReadProcessMemory or WriteProcessMemory request was completed. (0x12B)
[0204/192443.077:WARNING:pe_image_reader.cc(340)] could not read dos header from C:\Windows\SYSTEM32\DWrite.dll
[0204/192443.077:ERROR:process_memory_win.cc(73)] ReadMemory at 0x7ff8d0640000 of 64 bytes failed: Only part of a ReadProcessMemory or WriteProcessMemory request was completed. (0x12B)
[0204/192443.077:WARNING:pe_image_reader.cc(340)] could not read dos header from C:\Windows\SYSTEM32\WINSPOOL.DRV
[0204/192443.077:ERROR:process_memory_win.cc(73)] ReadMemory at 0x7ff8f0460000 of 64 bytes failed: Only part of a ReadProcessMemory or WriteProcessMemory request was completed. (0x12B)
[0204/192443.077:WARNING:pe_image_reader.cc(340)] could not read dos header from C:\Windows\System32\kernel.appcore.dll
[0204/192443.077:ERROR:process_memory_win.cc(73)] ReadMemory at 0x7ff8f15e0000 of 64 bytes failed: Only part of a ReadProcessMemory or WriteProcessMemory request was completed. (0x12B)
[0204/192443.077:WARNING:pe_image_reader.cc(340)] could not read dos header from C:\Windows\System32\bcrypt.dll
[0204/192443.078:ERROR:process_memory_win.cc(73)] ReadMemory at 0x7ff8edf30000 of 64 bytes failed: Only part of a ReadProcessMemory or WriteProcessMemory request was completed. (0x12B)
[0204/192443.078:WARNING:pe_image_reader.cc(340)] could not read dos header from C:\Windows\SYSTEM32\dbghelp.dll
[0204/192443.078:ERROR:process_memory_win.cc(73)] ReadMemory at 0x7ff8e4ed0000 of 64 bytes failed: Only part of a ReadProcessMemory or WriteProcessMemory request was completed. (0x12B)
[0204/192443.078:WARNING:pe_image_reader.cc(340)] could not read dos header from C:\Windows\SYSTEM32\Secur32.dll
[0204/192443.078:ERROR:process_memory_win.cc(73)] ReadMemory at 0x7ff8ee8c0000 of 64 bytes failed: Only part of a ReadProcessMemory or WriteProcessMemory request was completed. (0x12B)
[0204/192443.078:WARNING:pe_image_reader.cc(340)] could not read dos header from C:\Windows\SYSTEM32\WINHTTP.dll
[0204/192443.078:ERROR:process_memory_win.cc(73)] ReadMemory at 0x7ff8ea710000 of 64 bytes failed: Only part of a ReadProcessMemory or WriteProcessMemory request was completed. (0x12B)
[0204/192443.078:WARNING:pe_image_reader.cc(340)] could not read dos header from C:\Windows\SYSTEM32\dhcpcsvc.DLL
[0204/192443.078:ERROR:process_memory_win.cc(73)] ReadMemory at 0x7ff8f1d00000 of 64 bytes failed: Only part of a ReadProcessMemory or WriteProcessMemory request was completed. (0x12B)
[0204/192443.078:WARNING:pe_image_reader.cc(340)] could not read dos header from C:\Windows\System32\NSI.dll
[0204/192443.078:ERROR:process_memory_win.cc(73)] ReadMemory at 0x7ff8e7790000 of 64 bytes failed: Only part of a ReadProcessMemory or WriteProcessMemory request was completed. (0x12B)
[0204/192443.078:WARNING:pe_image_reader.cc(340)] could not read dos header from C:\Windows\SYSTEM32\WINMMBASE.dll
[0204/192443.078:ERROR:process_memory_win.cc(73)] ReadMemory at 0x7ff8f05f0000 of 64 bytes failed: Only part of a ReadProcessMemory or WriteProcessMemory request was completed. (0x12B)
[0204/192443.078:WARNING:pe_image_reader.cc(340)] could not read dos header from C:\Windows\System32\cfgmgr32.dll
[0204/192443.078:ERROR:process_memory_win.cc(73)] ReadMemory at 0x7ff8edd00000 of 64 bytes failed: Only part of a ReadProcessMemory or WriteProcessMemory request was completed. (0x12B)
[0204/192443.078:WARNING:pe_image_reader.cc(340)] could not read dos header from C:\Windows\SYSTEM32\PROPSYS.dll
[0204/192443.078:ERROR:process_memory_win.cc(73)] ReadMemory at 0x7ff8f1d10000 of 64 bytes failed: Only part of a ReadProcessMemory or WriteProcessMemory request was completed. (0x12B)
[0204/192443.078:WARNING:pe_image_reader.cc(340)] could not read dos header from C:\Windows\System32\shcore.dll
[0204/192443.078:ERROR:process_memory_win.cc(73)] ReadMemory at 0x7ff8f0320000 of 64 bytes failed: Only part of a ReadProcessMemory or WriteProcessMemory request was completed. (0x12B)
[0204/192443.078:WARNING:pe_image_reader.cc(340)] could not read dos header from C:\Windows\SYSTEM32\SSPICLI.DLL
[0204/192443.078:ERROR:process_memory_win.cc(73)] ReadMemory at 0x7ff8f1f60000 of 64 bytes failed: Only part of a ReadProcessMemory or WriteProcessMemory request was completed. (0x12B)
[0204/192443.078:WARNING:pe_image_reader.cc(340)] could not read dos header from C:\Windows\System32\SHELL32.dll
[0204/192443.079:ERROR:process_memory_win.cc(73)] ReadMemory at 0x7ff8f0840000 of 64 bytes failed: Only part of a ReadProcessMemory or WriteProcessMemory request was completed. (0x12B)
[0204/192443.079:WARNING:pe_image_reader.cc(340)] could not read dos header from C:\Windows\System32\windows.storage.dll
[0204/192443.079:ERROR:process_memory_win.cc(73)] ReadMemory at 0x7ff8f04a0000 of 64 bytes failed: Only part of a ReadProcessMemory or WriteProcessMemory request was completed. (0x12B)
[0204/192443.079:WARNING:pe_image_reader.cc(340)] could not read dos header from C:\Windows\System32\powrprof.dll
[0204/192443.079:ERROR:process_memory_win.cc(73)] ReadMemory at 0x7ff8f0430000 of 64 bytes failed: Only part of a ReadProcessMemory or WriteProcessMemory request was completed. (0x12B)
[0204/192443.079:WARNING:pe_image_reader.cc(340)] could not read dos header from C:\Windows\System32\UMPDC.dll
[0204/192443.079:ERROR:process_memory_win.cc(73)] ReadMemory at 0x7ff8f1950000 of 64 bytes failed: Only part of a ReadProcessMemory or WriteProcessMemory request was completed. (0x12B)
[0204/192443.079:WARNING:pe_image_reader.cc(340)] could not read dos header from C:\Windows\System32\shlwapi.dll
[0204/192443.079:ERROR:process_memory_win.cc(73)] ReadMemory at 0x7ff8f26d0000 of 64 bytes failed: Only part of a ReadProcessMemory or WriteProcessMemory request was completed. (0x12B)
[0204/192443.079:WARNING:pe_image_reader.cc(340)] could not read dos header from C:\Windows\System32\GDI32.dll
[0204/192443.079:ERROR:process_memory_win.cc(73)] ReadMemory at 0x7ff8f0fc0000 of 64 bytes failed: Only part of a ReadProcessMemory or WriteProcessMemory request was completed. (0x12B)
[0204/192443.079:WARNING:pe_image_reader.cc(340)] could not read dos header from C:\Windows\System32\win32u.dll
[0204/192443.079:ERROR:process_memory_win.cc(73)] ReadMemory at 0x7ff8f0640000 of 64 bytes failed: Only part of a ReadProcessMemory or WriteProcessMemory request was completed. (0x12B)
[0204/192443.079:WARNING:pe_image_reader.cc(340)] could not read dos header from C:\Windows\System32\gdi32full.dll
[0204/192443.079:ERROR:process_memory_win.cc(73)] ReadMemory at 0x7ff8f1dc0000 of 64 bytes failed: Only part of a ReadProcessMemory or WriteProcessMemory request was completed. (0x12B)
[0204/192443.079:WARNING:pe_image_reader.cc(340)] could not read dos header from C:\Windows\System32\USER32.dll
[0204/192443.079:ERROR:process_memory_win.cc(73)] ReadMemory at 0x7ff8f1470000 of 64 bytes failed: Only part of a ReadProcessMemory or WriteProcessMemory request was completed. (0x12B)
[0204/192443.079:WARNING:pe_image_reader.cc(340)] could not read dos header from C:\Windows\System32\cryptsp.dll
[0204/192443.079:ERROR:process_memory_win.cc(73)] ReadMemory at 0x7ff8f32f0000 of 64 bytes failed: Only part of a ReadProcessMemory or WriteProcessMemory request was completed. (0x12B)
[0204/192443.079:WARNING:pe_image_reader.cc(340)] could not read dos header from C:\Windows\System32\IMM32.DLL
[0204/192443.079:ERROR:process_memory_win.cc(73)] ReadMemory at 0x7ff8efe70000 of 64 bytes failed: Only part of a ReadProcessMemory or WriteProcessMemory request was completed. (0x12B)
[0204/192443.079:WARNING:pe_image_reader.cc(340)] could not read dos header from C:\Windows\SYSTEM32\CRYPTBASE.DLL
[0204/192443.088:ERROR:process_memory_win.cc(73)] ReadMemory at 0xe17f3e8000 of 98304 bytes failed: Only part of a ReadProcessMemory or WriteProcessMemory request was completed. (0x12B)
[0204/192443.088:ERROR:process_memory_win.cc(73)] ReadMemory at 0xe17fbfd000 of 12288 bytes failed: Only part of a ReadProcessMemory or WriteProcessMemory request was completed. (0x12B)
[0204/192443.092:ERROR:process_memory_win.cc(73)] ReadMemory at 0xe1007f8000 of 32768 bytes failed: Only part of a ReadProcessMemory or WriteProcessMemory request was completed. (0x12B)
[0204/192443.092:ERROR:process_memory_win.cc(73)] ReadMemory at 0xe100ffd000 of 12288 bytes failed: Only part of a ReadProcessMemory or WriteProcessMemory request was completed. (0x12B)
[0204/192443.092:ERROR:process_memory_win.cc(73)] ReadMemory at 0xe1017fc000 of 16384 bytes failed: Only part of a ReadProcessMemory or WriteProcessMemory request was completed. (0x12B)
[0204/192443.092:ERROR:process_memory_win.cc(73)] ReadMemory at 0xe101ffe000 of 8192 bytes failed: Only part of a ReadProcessMemory or WriteProcessMemory request was completed. (0x12B)
[0204/192443.092:ERROR:process_memory_win.cc(73)] ReadMemory at 0xe1027fd000 of 12288 bytes failed: Only part of a ReadProcessMemory or WriteProcessMemory request was completed. (0x12B)
[0204/192443.092:ERROR:process_memory_win.cc(73)] ReadMemory at 0xe102ffb000 of 20480 bytes failed: Only part of a ReadProcessMemory or WriteProcessMemory request was completed. (0x12B)
[0204/192443.092:ERROR:process_memory_win.cc(73)] ReadMemory at 0xe1037fd000 of 12288 bytes failed: Only part of a ReadProcessMemory or WriteProcessMemory request was completed. (0x12B)
[0204/192443.092:ERROR:process_memory_win.cc(73)] ReadMemory at 0xe103ffd000 of 12288 bytes failed: Only part of a ReadProcessMemory or WriteProcessMemory request was completed. (0x12B)
[0204/192443.092:ERROR:process_memory_win.cc(73)] ReadMemory at 0xe1047fd000 of 12288 bytes failed: Only part of a ReadProcessMemory or WriteProcessMemory request was completed. (0x12B)
[0204/192443.092:ERROR:process_memory_win.cc(73)] ReadMemory at 0xe104ffd000 of 12288 bytes failed: Only part of a ReadProcessMemory or WriteProcessMemory request was completed. (0x12B)
[0204/192443.092:ERROR:process_memory_win.cc(73)] ReadMemory at 0xe1057fd000 of 12288 bytes failed: Only part of a ReadProcessMemory or WriteProcessMemory request was completed. (0x12B)
[0204/192443.092:ERROR:process_memory_win.cc(73)] ReadMemory at 0xe105ff6000 of 40960 bytes failed: Only part of a ReadProcessMemory or WriteProcessMemory request was completed. (0x12B)
[0204/192443.092:ERROR:process_memory_win.cc(73)] ReadMemory at 0xe1067fd000 of 12288 bytes failed: Only part of a ReadProcessMemory or WriteProcessMemory request was completed. (0x12B)
[0204/192443.092:ERROR:process_memory_win.cc(73)] ReadMemory at 0xe106ffc000 of 16384 bytes failed: Only part of a ReadProcessMemory or WriteProcessMemory request was completed. (0x12B)
[0204/192443.092:ERROR:process_memory_win.cc(73)] ReadMemory at 0xe1077fd000 of 12288 bytes failed: Only part of a ReadProcessMemory or WriteProcessMemory request was completed. (0x12B)
[0204/192443.092:ERROR:process_memory_win.cc(73)] ReadMemory at 0xe17eb75000 of 852 bytes failed: Only part of a ReadProcessMemory or WriteProcessMemory request was completed. (0x12B)
[0204/192443.092:ERROR:process_memory_win.cc(73)] ReadMemory at 0xe17eb76000 of 6024 bytes failed: Only part of a ReadProcessMemory or WriteProcessMemory request was completed. (0x12B)
[0204/192443.092:ERROR:process_memory_win.cc(73)] ReadMemory at 0xe17eb78000 of 6024 bytes failed: Only part of a ReadProcessMemory or WriteProcessMemory request was completed. (0x12B)
[0204/192443.092:ERROR:process_memory_win.cc(73)] ReadMemory at 0xe17eb7a000 of 6024 bytes failed: Only part of a ReadProcessMemory or WriteProcessMemory request was completed. (0x12B)
[0204/192443.092:ERROR:process_memory_win.cc(73)] ReadMemory at 0xe17eb7c000 of 6024 bytes failed: Only part of a ReadProcessMemory or WriteProcessMemory request was completed. (0x12B)
[0204/192443.092:ERROR:process_memory_win.cc(73)] ReadMemory at 0xe17eb7e000 of 6024 bytes failed: Only part of a ReadProcessMemory or WriteProcessMemory request was completed. (0x12B)
[0204/192443.092:ERROR:process_memory_win.cc(73)] ReadMemory at 0xe17eb80000 of 6024 bytes failed: Only part of a ReadProcessMemory or WriteProcessMemory request was completed. (0x12B)
[0204/192443.092:ERROR:process_memory_win.cc(73)] ReadMemory at 0xe17eb82000 of 6024 bytes failed: Only part of a ReadProcessMemory or WriteProcessMemory request was completed. (0x12B)
[0204/192443.092:ERROR:process_memory_win.cc(73)] ReadMemory at 0xe17eb84000 of 6024 bytes failed: Only part of a ReadProcessMemory or WriteProcessMemory request was completed. (0x12B)
[0204/192443.092:ERROR:process_memory_win.cc(73)] ReadMemory at 0xe17eb86000 of 6024 bytes failed: Only part of a ReadProcessMemory or WriteProcessMemory request was completed. (0x12B)
[0204/192443.092:ERROR:process_memory_win.cc(73)] ReadMemory at 0xe17eb88000 of 6024 bytes failed: Only part of a ReadProcessMemory or WriteProcessMemory request was completed. (0x12B)
[0204/192443.092:ERROR:process_memory_win.cc(73)] ReadMemory at 0xe17eb8a000 of 6024 bytes failed: Only part of a ReadProcessMemory or WriteProcessMemory request was completed. (0x12B)
[0204/192443.092:ERROR:process_memory_win.cc(73)] ReadMemory at 0xe17eb8c000 of 6024 bytes failed: Only part of a ReadProcessMemory or WriteProcessMemory request was completed. (0x12B)
[0204/192443.096:ERROR:process_memory_win.cc(73)] ReadMemory at 0xe17eb8e000 of 6024 bytes failed: Only part of a ReadProcessMemory or WriteProcessMemory request was completed. (0x12B)
[0204/192443.096:ERROR:process_memory_win.cc(73)] ReadMemory at 0xe17eb90000 of 6024 bytes failed: Only part of a ReadProcessMemory or WriteProcessMemory request was completed. (0x12B)
[0204/192443.096:ERROR:process_memory_win.cc(73)] ReadMemory at 0xe17eb92000 of 6024 bytes failed: Only part of a ReadProcessMemory or WriteProcessMemory request was completed. (0x12B)
[0204/192443.096:ERROR:process_memory_win.cc(73)] ReadMemory at 0xe17eb94000 of 6024 bytes failed: Only part of a ReadProcessMemory or WriteProcessMemory request was completed. (0x12B)
[0204/192443.096:ERROR:process_memory_win.cc(73)] ReadMemory at 0xe17eb96000 of 6024 bytes failed: Only part of a ReadProcessMemory or WriteProcessMemory request was completed. (0x12B)
[0204/192443.096:ERROR:process_memory_win.cc(73)] ReadMemory at 0x20b23a20fe0 of 7396 bytes failed: Only part of a ReadProcessMemory or WriteProcessMemory request was completed. (0x12B)
[0204/192443.096:ERROR:process_memory_win.cc(73)] ReadMemory at 0x20b23a22cd0 of 1012 bytes failed: Only part of a ReadProcessMemory or WriteProcessMemory request was completed. (0x12B)
[0204/192443.096:ERROR:process_memory_win.cc(73)] ReadMemory at 0x20b23a23318 of 118 bytes failed: Only part of a ReadProcessMemory or WriteProcessMemory request was completed. (0x12B)
[0204/192443.096:ERROR:process_memory_win.cc(73)] ReadMemory at 0x20b23a23390 of 1412 bytes failed: Only part of a ReadProcessMemory or WriteProcessMemory request was completed. (0x12B)
[0204/192443.096:ERROR:process_memory_win.cc(73)] ReadMemory at 0x20b23a23916 of 118 bytes failed: Only part of a ReadProcessMemory or WriteProcessMemory request was completed. (0x12B)
[0204/192443.096:ERROR:process_memory_win.cc(73)] ReadMemory at 0x20b23a2398e of 100 bytes failed: Only part of a ReadProcessMemory or WriteProcessMemory request was completed. (0x12B)
[0204/192443.096:ERROR:process_memory_win.cc(73)] ReadMemory at 0x20b23a23a00 of 58 bytes failed: Only part of a ReadProcessMemory or WriteProcessMemory request was completed. (0x12B)
[0204/192443.096:ERROR:process_memory_win.cc(73)] ReadMemory at 0x20b23a23b00 of 132 bytes failed: Only part of a ReadProcessMemory or WriteProcessMemory request was completed. (0x12B)
[0204/192443.096:ERROR:process_memory_win.cc(73)] ReadMemory at 0x20b23a23c90 of 132 bytes failed: Only part of a ReadProcessMemory or WriteProcessMemory request was completed. (0x12B)
[0204/192443.096:ERROR:process_memory_win.cc(73)] ReadMemory at 0x20b23a23e50 of 126 bytes failed: Only part of a ReadProcessMemory or WriteProcessMemory request was completed. (0x12B)
[0204/192443.096:ERROR:process_memory_win.cc(73)] ReadMemory at 0x20b23a24230 of 132 bytes failed: Only part of a ReadProcessMemory or WriteProcessMemory request was completed. (0x12B)
[0204/192443.096:ERROR:process_memory_win.cc(73)] ReadMemory at 0x20b23a243c0 of 64 bytes failed: Only part of a ReadProcessMemory or WriteProcessMemory request was completed. (0x12B)
[0204/192443.096:ERROR:process_memory_win.cc(73)] ReadMemory at 0x20b23a24410 of 132 bytes failed: Only part of a ReadProcessMemory or WriteProcessMemory request was completed. (0x12B)
[0204/192443.096:ERROR:process_memory_win.cc(73)] ReadMemory at 0x20b23a24580 of 132 bytes failed: Only part of a ReadProcessMemory or WriteProcessMemory request was completed. (0x12B)
[0204/192443.096:ERROR:process_memory_win.cc(73)] ReadMemory at 0x20b23a24820 of 132 bytes failed: Only part of a ReadProcessMemory or WriteProcessMemory request was completed. (0x12B)
[0204/192443.096:ERROR:process_memory_win.cc(73)] ReadMemory at 0x20b23a249b0 of 68 bytes failed: Only part of a ReadProcessMemory or WriteProcessMemory request was completed. (0x12B)
[0204/192443.096:ERROR:process_memory_win.cc(73)] ReadMemory at 0x20b23a25bc0 of 132 bytes failed: Only part of a ReadProcessMemory or WriteProcessMemory request was completed. (0x12B)
[0204/192443.096:ERROR:process_memory_win.cc(73)] ReadMemory at 0x20b23a25d50 of 154 bytes failed: Only part of a ReadProcessMemory or WriteProcessMemory request was completed. (0x12B)
[0204/192443.096:ERROR:process_memory_win.cc(73)] ReadMemory at 0x20b23a26b40 of 62 bytes failed: Only part of a ReadProcessMemory or WriteProcessMemory request was completed. (0x12B)
[0204/192443.096:ERROR:process_memory_win.cc(73)] ReadMemory at 0x20b23a26b90 of 158 bytes failed: Only part of a ReadProcessMemory or WriteProcessMemory request was completed. (0x12B)
[0204/192443.096:ERROR:process_memory_win.cc(73)] ReadMemory at 0x20b23a26c70 of 132 bytes failed: Only part of a ReadProcessMemory or WriteProcessMemory request was completed. (0x12B)
[0204/192443.096:ERROR:process_memory_win.cc(73)] ReadMemory at 0x20b23a26e00 of 60 bytes failed: Only part of a ReadProcessMemory or WriteProcessMemory request was completed. (0x12B)
[0204/192443.096:ERROR:process_memory_win.cc(73)] ReadMemory at 0x20b23a26fcc of 512 bytes failed: Only part of a ReadProcessMemory or WriteProcessMemory request was completed. (0x12B)
[0204/192443.096:ERROR:process_memory_win.cc(73)] ReadMemory at 0x20b23a2a490 of 132 bytes failed: Only part of a ReadProcessMemory or WriteProcessMemory request was completed. (0x12B)
[0204/192443.096:ERROR:process_memory_win.cc(73)] ReadMemory at 0x20b23a2a700 of 132 bytes failed: Only part of a ReadProcessMemory or WriteProcessMemory request was completed. (0x12B)
[0204/192443.096:ERROR:process_memory_win.cc(73)] ReadMemory at 0x20b23a2a830 of 132 bytes failed: Only part of a ReadProcessMemory or WriteProcessMemory request was completed. (0x12B)
[0204/192443.096:ERROR:process_memory_win.cc(73)] ReadMemory at 0x20b23a2b810 of 132 bytes failed: Only part of a ReadProcessMemory or WriteProcessMemory request was completed. (0x12B)
[0204/192443.096:ERROR:process_memory_win.cc(73)] ReadMemory at 0x20b23a2b9a0 of 80 bytes failed: Only part of a ReadProcessMemory or WriteProcessMemory request was completed. (0x12B)
[0204/192443.096:ERROR:process_memory_win.cc(73)] ReadMemory at 0x20b23a2bb10 of 60 bytes failed: Only part of a ReadProcessMemory or WriteProcessMemory request was completed. (0x12B)
[0204/192443.096:ERROR:process_memory_win.cc(73)] ReadMemory at 0x20b23a2bbb0 of 64 bytes failed: Only part of a ReadProcessMemory or WriteProcessMemory request was completed. (0x12B)
[0204/192443.096:ERROR:process_memory_win.cc(73)] ReadMemory at 0x20b23a2bc50 of 62 bytes failed: Only part of a ReadProcessMemory or WriteProcessMemory request was completed. (0x12B)
[0204/192443.096:ERROR:process_memory_win.cc(73)] ReadMemory at 0x20b23a2bca0 of 66 bytes failed: Only part of a ReadProcessMemory or WriteProcessMemory request was completed. (0x12B)
[0204/192443.096:ERROR:process_memory_win.cc(73)] ReadMemory at 0x20b23a2bcf0 of 60 bytes failed: Only part of a ReadProcessMemory or WriteProcessMemory request was completed. (0x12B)
[0204/192443.096:ERROR:process_memory_win.cc(73)] ReadMemory at 0x20b23a2c060 of 64 bytes failed: Only part of a ReadProcessMemory or WriteProcessMemory request was completed. (0x12B)
[0204/192443.096:ERROR:process_memory_win.cc(73)] ReadMemory at 0x20b23a2c100 of 62 bytes failed: Only part of a ReadProcessMemory or WriteProcessMemory request was completed. (0x12B)
[0204/192443.096:ERROR:process_memory_win.cc(73)] ReadMemory at 0x20b23a2c1a0 of 64 bytes failed: Only part of a ReadProcessMemory or WriteProcessMemory request was completed. (0x12B)
[0204/192443.096:ERROR:process_memory_win.cc(73)] ReadMemory at 0x20b23a2c1f0 of 64 bytes failed: Only part of a ReadProcessMemory or WriteProcessMemory request was completed. (0x12B)
[0204/192443.096:ERROR:process_memory_win.cc(73)] ReadMemory at 0x20b23a2cc30 of 76 bytes failed: Only part of a ReadProcessMemory or WriteProcessMemory request was completed. (0x12B)
[0204/192443.096:ERROR:process_memory_win.cc(73)] ReadMemory at 0x20b23a2cf30 of 78 bytes failed: Only part of a ReadProcessMemory or WriteProcessMemory request was completed. (0x12B)
[0204/192443.096:ERROR:process_memory_win.cc(73)] ReadMemory at 0x20b23a2e8a0 of 132 bytes failed: Only part of a ReadProcessMemory or WriteProcessMemory request was completed. (0x12B)
[0204/192443.096:ERROR:process_memory_win.cc(73)] ReadMemory at 0x20b23a2eb70 of 132 bytes failed: Only part of a ReadProcessMemory or WriteProcessMemory request was completed. (0x12B)
[0204/192443.096:ERROR:process_memory_win.cc(73)] ReadMemory at 0x20b23a2fd50 of 132 bytes failed: Only part of a ReadProcessMemory or WriteProcessMemory request was completed. (0x12B)
[0204/192443.100:ERROR:process_memory_win.cc(73)] ReadMemory at 0x20b23a30520 of 132 bytes failed: Only part of a ReadProcessMemory or WriteProcessMemory request was completed. (0x12B)
[0204/192443.100:ERROR:process_memory_win.cc(73)] ReadMemory at 0x20b23a30d90 of 54 bytes failed: Only part of a ReadProcessMemory or WriteProcessMemory request was completed. (0x12B)
[0204/192443.100:ERROR:process_memory_win.cc(73)] ReadMemory at 0x20b23a31c10 of 132 bytes failed: Only part of a ReadProcessMemory or WriteProcessMemory request was completed. (0x12B)
[0204/192443.100:ERROR:process_memory_win.cc(73)] ReadMemory at 0x20b23a35500 of 132 bytes failed: Only part of a ReadProcessMemory or WriteProcessMemory request was completed. (0x12B)
[0204/192443.100:ERROR:process_memory_win.cc(73)] ReadMemory at 0x20b23a35630 of 132 bytes failed: Only part of a ReadProcessMemory or WriteProcessMemory request was completed. (0x12B)
[0204/192443.100:ERROR:process_memory_win.cc(73)] ReadMemory at 0x20b23a35760 of 132 bytes failed: Only part of a ReadProcessMemory or WriteProcessMemory request was completed. (0x12B)
[0204/192443.100:ERROR:process_memory_win.cc(73)] ReadMemory at 0x20b23a35890 of 132 bytes failed: Only part of a ReadProcessMemory or WriteProcessMemory request was completed. (0x12B)
[0204/192443.100:ERROR:process_memory_win.cc(73)] ReadMemory at 0x20b23a35af0 of 132 bytes failed: Only part of a ReadProcessMemory or WriteProcessMemory request was completed. (0x12B)
[0204/192443.100:ERROR:process_memory_win.cc(73)] ReadMemory at 0x20b23a35c20 of 132 bytes failed: Only part of a ReadProcessMemory or WriteProcessMemory request was completed. (0x12B)
[0204/192443.100:ERROR:process_memory_win.cc(73)] ReadMemory at 0x20b23a35d50 of 132 bytes failed: Only part of a ReadProcessMemory or WriteProcessMemory request was completed. (0x12B)
[0204/192443.100:ERROR:process_memory_win.cc(73)] ReadMemory at 0x20b23a35e80 of 132 bytes failed: Only part of a ReadProcessMemory or WriteProcessMemory request was completed. (0x12B)
[0204/192443.100:ERROR:process_memory_win.cc(73)] ReadMemory at 0x20b23a35fb0 of 132 bytes failed: Only part of a ReadProcessMemory or WriteProcessMemory request was completed. (0x12B)
[0204/192443.100:ERROR:process_memory_win.cc(73)] ReadMemory at 0x20b23a360e0 of 132 bytes failed: Only part of a ReadProcessMemory or WriteProcessMemory request was completed. (0x12B)
[0204/192443.100:ERROR:process_memory_win.cc(73)] ReadMemory at 0x20b23a36210 of 132 bytes failed: Only part of a ReadProcessMemory or WriteProcessMemory request was completed. (0x12B)
[0204/192443.100:ERROR:process_memory_win.cc(73)] ReadMemory at 0x20b23a36340 of 132 bytes failed: Only part of a ReadProcessMemory or WriteProcessMemory request was completed. (0x12B)
[0204/192443.100:ERROR:process_memory_win.cc(73)] ReadMemory at 0x20b23a36810 of 58 bytes failed: Only part of a ReadProcessMemory or WriteProcessMemory request was completed. (0x12B)
[0204/192443.100:ERROR:process_memory_win.cc(73)] ReadMemory at 0x20b23a36860 of 62 bytes failed: Only part of a ReadProcessMemory or WriteProcessMemory request was completed. (0x12B)
[0204/192443.100:ERROR:process_memory_win.cc(73)] ReadMemory at 0x20b23a368b0 of 60 bytes failed: Only part of a ReadProcessMemory or WriteProcessMemory request was completed. (0x12B)
[0204/192443.100:ERROR:process_memory_win.cc(73)] ReadMemory at 0x20b23a36950 of 62 bytes failed: Only part of a ReadProcessMemory or WriteProcessMemory request was completed. (0x12B)
[0204/192443.100:ERROR:process_memory_win.cc(73)] ReadMemory at 0x20b23a369a0 of 60 bytes failed: Only part of a ReadProcessMemory or WriteProcessMemory request was completed. (0x12B)
[0204/192443.100:ERROR:process_memory_win.cc(73)] ReadMemory at 0x20b23a369f0 of 62 bytes failed: Only part of a ReadProcessMemory or WriteProcessMemory request was completed. (0x12B)
[0204/192443.100:ERROR:process_memory_win.cc(73)] ReadMemory at 0x20b23a36a90 of 66 bytes failed: Only part of a ReadProcessMemory or WriteProcessMemory request was completed. (0x12B)
[0204/192443.100:ERROR:process_memory_win.cc(73)] ReadMemory at 0x20b23a36b80 of 62 bytes failed: Only part of a ReadProcessMemory or WriteProcessMemory request was completed. (0x12B)
[0204/192443.100:ERROR:process_memory_win.cc(73)] ReadMemory at 0x20b23a36bd0 of 64 bytes failed: Only part of a ReadProcessMemory or WriteProcessMemory request was completed. (0x12B)
[0204/192443.100:ERROR:process_memory_win.cc(73)] ReadMemory at 0x20b23a36c20 of 64 bytes failed: Only part of a ReadProcessMemory or WriteProcessMemory request was completed. (0x12B)
[0204/192443.100:ERROR:process_memory_win.cc(73)] ReadMemory at 0x20b23a36c70 of 60 bytes failed: Only part of a ReadProcessMemory or WriteProcessMemory request was completed. (0x12B)
[0204/192443.100:ERROR:process_memory_win.cc(73)] ReadMemory at 0x20b23a36db0 of 64 bytes failed: Only part of a ReadProcessMemory or WriteProcessMemory request was completed. (0x12B)
[0204/192443.100:ERROR:process_memory_win.cc(73)] ReadMemory at 0x20b23a36ef0 of 64 bytes failed: Only part of a ReadProcessMemory or WriteProcessMemory request was completed. (0x12B)
[0204/192443.100:ERROR:process_memory_win.cc(73)] ReadMemory at 0x20b23a36f90 of 60 bytes failed: Only part of a ReadProcessMemory or WriteProcessMemory request was completed. (0x12B)
[0204/192443.100:ERROR:process_memory_win.cc(73)] ReadMemory at 0x20b23a370d0 of 62 bytes failed: Only part of a ReadProcessMemory or WriteProcessMemory request was completed. (0x12B)
[0204/192443.100:ERROR:process_memory_win.cc(73)] ReadMemory at 0x20b23a37170 of 64 bytes failed: Only part of a ReadProcessMemory or WriteProcessMemory request was completed. (0x12B)
[0204/192443.100:ERROR:process_memory_win.cc(73)] ReadMemory at 0x20b23a37440 of 62 bytes failed: Only part of a ReadProcessMemory or WriteProcessMemory request was completed. (0x12B)
[0204/192443.100:ERROR:process_memory_win.cc(73)] ReadMemory at 0x20b23a37490 of 62 bytes failed: Only part of a ReadProcessMemory or WriteProcessMemory request was completed. (0x12B)
[0204/192443.100:ERROR:process_memory_win.cc(73)] ReadMemory at 0x20b23a37530 of 62 bytes failed: Only part of a ReadProcessMemory or WriteProcessMemory request was completed. (0x12B)
[0204/192443.100:ERROR:process_memory_win.cc(73)] ReadMemory at 0x20b23a37710 of 62 bytes failed: Only part of a ReadProcessMemory or WriteProcessMemory request was completed. (0x12B)
[0204/192443.100:ERROR:process_memory_win.cc(73)] ReadMemory at 0x20b23a38c70 of 132 bytes failed: Only part of a ReadProcessMemory or WriteProcessMemory request was completed. (0x12B)
[0204/192443.100:ERROR:process_memory_win.cc(73)] ReadMemory at 0x20b23a38ed0 of 132 bytes failed: Only part of a ReadProcessMemory or WriteProcessMemory request was completed. (0x12B)
[0204/192443.100:ERROR:process_memory_win.cc(73)] ReadMemory at 0x20b23a39000 of 132 bytes failed: Only part of a ReadProcessMemory or WriteProcessMemory request was completed. (0x12B)
[0204/192443.100:ERROR:process_memory_win.cc(73)] ReadMemory at 0x20b23a39130 of 132 bytes failed: Only part of a ReadProcessMemory or WriteProcessMemory request was completed. (0x12B)
[0204/192443.100:ERROR:process_memory_win.cc(73)] ReadMemory at 0x20b23a39260 of 132 bytes failed: Only part of a ReadProcessMemory or WriteProcessMemory request was completed. (0x12B)
[0204/192443.100:ERROR:process_memory_win.cc(73)] ReadMemory at 0x20b23a39390 of 132 bytes failed: Only part of a ReadProcessMemory or WriteProcessMemory request was completed. (0x12B)
[0204/192443.100:ERROR:process_memory_win.cc(73)] ReadMemory at 0x20b23a394c0 of 132 bytes failed: Only part of a ReadProcessMemory or WriteProcessMemory request was completed. (0x12B)
[0204/192443.100:ERROR:process_memory_win.cc(73)] ReadMemory at 0x20b23a395f0 of 132 bytes failed: Only part of a ReadProcessMemory or WriteProcessMemory request was completed. (0x12B)
[0204/192443.100:ERROR:process_memory_win.cc(73)] ReadMemory at 0x20b23a39720 of 132 bytes failed: Only part of a ReadProcessMemory or WriteProcessMemory request was completed. (0x12B)
[0204/192443.100:ERROR:process_memory_win.cc(73)] ReadMemory at 0x20b23a39850 of 132 bytes failed: Only part of a ReadProcessMemory or WriteProcessMemory request was completed. (0x12B)
[0204/192443.100:ERROR:process_memory_win.cc(73)] ReadMemory at 0x20b23a39980 of 132 bytes failed: Only part of a ReadProcessMemory or WriteProcessMemory request was completed. (0x12B)
[0204/192443.100:ERROR:process_memory_win.cc(73)] ReadMemory at 0x20b23a39ab0 of 132 bytes failed: Only part of a ReadProcessMemory or WriteProcessMemory request was completed. (0x12B)
[0204/192443.100:ERROR:process_memory_win.cc(73)] ReadMemory at 0x20b23a39d10 of 132 bytes failed: Only part of a ReadProcessMemory or WriteProcessMemory request was completed. (0x12B)
[0204/192443.100:ERROR:process_memory_win.cc(73)] ReadMemory at 0x20b23a39e40 of 132 bytes failed: Only part of a ReadProcessMemory or WriteProcessMemory request was completed. (0x12B)
[0204/192443.100:ERROR:process_memory_win.cc(73)] ReadMemory at 0x20b23a3a0a0 of 132 bytes failed: Only part of a ReadProcessMemory or WriteProcessMemory request was completed. (0x12B)
[0204/192443.104:ERROR:process_memory_win.cc(73)] ReadMemory at 0x20b23a3a1d0 of 132 bytes failed: Only part of a ReadProcessMemory or WriteProcessMemory request was completed. (0x12B)
[0204/192443.104:ERROR:process_memory_win.cc(73)] ReadMemory at 0x20b23a3a300 of 132 bytes failed: Only part of a ReadProcessMemory or WriteProcessMemory request was completed. (0x12B)
[0204/192443.104:ERROR:process_memory_win.cc(73)] ReadMemory at 0x20b23a3a560 of 132 bytes failed: Only part of a ReadProcessMemory or WriteProcessMemory request was completed. (0x12B)
[0204/192443.104:ERROR:process_memory_win.cc(73)] ReadMemory at 0x20b23a3a690 of 132 bytes failed: Only part of a ReadProcessMemory or WriteProcessMemory request was completed. (0x12B)
[0204/192443.104:ERROR:process_memory_win.cc(73)] ReadMemory at 0x20b23a3a7c0 of 132 bytes failed: Only part of a ReadProcessMemory or WriteProcessMemory request was completed. (0x12B)
[0204/192443.104:ERROR:process_memory_win.cc(73)] ReadMemory at 0x20b23a4b790 of 66 bytes failed: Only part of a ReadProcessMemory or WriteProcessMemory request was completed. (0x12B)
[0204/192443.104:ERROR:process_memory_win.cc(73)] ReadMemory at 0x20b23a4b9c0 of 58 bytes failed: Only part of a ReadProcessMemory or WriteProcessMemory request was completed. (0x12B)
[0204/192443.104:ERROR:process_memory_win.cc(73)] ReadMemory at 0x20b23a4ba60 of 62 bytes failed: Only part of a ReadProcessMemory or WriteProcessMemory request was completed. (0x12B)
[0204/192443.104:ERROR:process_memory_win.cc(73)] ReadMemory at 0x20b23a4bba0 of 58 bytes failed: Only part of a ReadProcessMemory or WriteProcessMemory request was completed. (0x12B)
[0204/192443.104:ERROR:process_memory_win.cc(73)] ReadMemory at 0x20b23a4bbf0 of 58 bytes failed: Only part of a ReadProcessMemory or WriteProcessMemory request was completed. (0x12B)
[0204/192443.104:ERROR:process_memory_win.cc(73)] ReadMemory at 0x20b23a4bc90 of 60 bytes failed: Only part of a ReadProcessMemory or WriteProcessMemory request was completed. (0x12B)
[0204/192443.105:ERROR:process_memory_win.cc(73)] ReadMemory at 0x20b23a4c0f0 of 60 bytes failed: Only part of a ReadProcessMemory or WriteProcessMemory request was completed. (0x12B)
[0204/192443.105:ERROR:process_memory_win.cc(73)] ReadMemory at 0x20b23a4c550 of 62 bytes failed: Only part of a ReadProcessMemory or WriteProcessMemory request was completed. (0x12B)
[0204/192443.105:ERROR:process_memory_win.cc(73)] ReadMemory at 0x20b23a57950 of 512 bytes failed: Only part of a ReadProcessMemory or WriteProcessMemory request was completed. (0x12B)
[0204/192443.105:ERROR:process_memory_win.cc(73)] ReadMemory at 0x20b23a58660 of 512 bytes failed: Only part of a ReadProcessMemory or WriteProcessMemory request was completed. (0x12B)
[0204/192443.105:ERROR:process_memory_win.cc(73)] ReadMemory at 0x20b23d61480 of 512 bytes failed: Only part of a ReadProcessMemory or WriteProcessMemory request was completed. (0x12B)
[0204/192443.105:ERROR:process_memory_win.cc(73)] ReadMemory at 0x20b23d62200 of 512 bytes failed: Only part of a ReadProcessMemory or WriteProcessMemory request was completed. (0x12B)
[0204/192443.105:ERROR:process_memory_win.cc(73)] ReadMemory at 0x20b23d62d40 of 512 bytes failed: Only part of a ReadProcessMemory or WriteProcessMemory request was completed. (0x12B)
[0204/192443.105:ERROR:process_memory_win.cc(73)] ReadMemory at 0x20b23e752f0 of 512 bytes failed: Only part of a ReadProcessMemory or WriteProcessMemory request was completed. (0x12B)
[0204/192443.105:ERROR:process_memory_win.cc(73)] ReadMemory at 0x20b23e756b0 of 512 bytes failed: Only part of a ReadProcessMemory or WriteProcessMemory request was completed. (0x12B)
[0204/192443.105:ERROR:process_memory_win.cc(73)] ReadMemory at 0x20b23e7d9a0 of 512 bytes failed: Only part of a ReadProcessMemory or WriteProcessMemory request was completed. (0x12B)
[0204/192443.105:ERROR:process_memory_win.cc(73)] ReadMemory at 0x20b23e83b30 of 512 bytes failed: Only part of a ReadProcessMemory or WriteProcessMemory request was completed. (0x12B)
[0204/192443.105:ERROR:process_memory_win.cc(73)] ReadMemory at 0x20b23ea55b0 of 712 bytes failed: Only part of a ReadProcessMemory or WriteProcessMemory request was completed. (0x12B)
[0204/192443.105:ERROR:process_memory_win.cc(73)] ReadMemory at 0x20b25f15ba0 of 512 bytes failed: Only part of a ReadProcessMemory or WriteProcessMemory request was completed. (0x12B)
[0204/192443.105:ERROR:process_memory_win.cc(73)] ReadMemory at 0x20b25f589a0 of 512 bytes failed: Only part of a ReadProcessMemory or WriteProcessMemory request was completed. (0x12B)
[0204/192443.106:ERROR:process_memory_win.cc(73)] ReadMemory at 0x20b25f5ff30 of 544 bytes failed: Only part of a ReadProcessMemory or WriteProcessMemory request was completed. (0x12B)
[0204/192443.106:ERROR:process_memory_win.cc(73)] ReadMemory at 0x20b25f61688 of 512 bytes failed: Only part of a ReadProcessMemory or WriteProcessMemory request was completed. (0x12B)
[0204/192443.106:ERROR:process_memory_win.cc(73)] ReadMemory at 0x20b25f61e68 of 512 bytes failed: Only part of a ReadProcessMemory or WriteProcessMemory request was completed. (0x12B)
[0204/192443.106:ERROR:process_memory_win.cc(73)] ReadMemory at 0x20b25f7e300 of 512 bytes failed: Only part of a ReadProcessMemory or WriteProcessMemory request was completed. (0x12B)
[0204/192443.106:ERROR:process_memory_win.cc(73)] ReadMemory at 0x20b2604d6a0 of 512 bytes failed: Only part of a ReadProcessMemory or WriteProcessMemory request was completed. (0x12B)
[0204/192443.106:ERROR:process_memory_win.cc(73)] ReadMemory at 0x20b260c8860 of 512 bytes failed: Only part of a ReadProcessMemory or WriteProcessMemory request was completed. (0x12B)
[0204/192443.106:ERROR:process_memory_win.cc(73)] ReadMemory at 0x1370cf374e08 of 512 bytes failed: Only part of a ReadProcessMemory or WriteProcessMemory request was completed. (0x12B)
[0204/192443.106:ERROR:process_memory_win.cc(73)] ReadMemory at 0x7436f40096ae of 514 bytes failed: Only part of a ReadProcessMemory or WriteProcessMemory request was completed. (0x12B)
[0204/192443.106:ERROR:process_memory_win.cc(73)] ReadMemory at 0x7ff86b330948 of 512 bytes failed: Only part of a ReadProcessMemory or WriteProcessMemory request was completed. (0x12B)
[0204/192443.106:ERROR:process_memory_win.cc(73)] ReadMemory at 0x7ff86ca9f0ec of 512 bytes failed: Only part of a ReadProcessMemory or WriteProcessMemory request was completed. (0x12B)
[0204/192443.106:ERROR:process_memory_win.cc(73)] ReadMemory at 0x7ff86f43b320 of 512 bytes failed: Only part of a ReadProcessMemory or WriteProcessMemory request was completed. (0x12B)
[0204/192443.106:ERROR:process_memory_win.cc(73)] ReadMemory at 0x7ff8f114a7b9 of 512 bytes failed: Only part of a ReadProcessMemory or WriteProcessMemory request was completed. (0x12B)
[0204/192443.106:ERROR:process_memory_win.cc(73)] ReadMemory at 0x7ff8f137b6d0 of 512 bytes failed: Only part of a ReadProcessMemory or WriteProcessMemory request was completed. (0x12B)
[0204/192443.106:ERROR:process_memory_win.cc(73)] ReadMemory at 0x7ff8f35fc0c4 of 672 bytes failed: Only part of a ReadProcessMemory or WriteProcessMemory request was completed. (0x12B)
[0204/192443.106:ERROR:process_memory_win.cc(73)] ReadMemory at 0x7ff8f35fc6c4 of 512 bytes failed: Only part of a ReadProcessMemory or WriteProcessMemory request was completed. (0x12B)
[0204/192443.106:ERROR:process_memory_win.cc(73)] ReadMemory at 0x7ff8f35ff974 of 608 bytes failed: Only part of a ReadProcessMemory or WriteProcessMemory request was completed. (0x12B)
[0204/192443.106:ERROR:process_memory_win.cc(73)] ReadMemory at 0x7ff8f368c428 of 18 bytes failed: Only part of a ReadProcessMemory or WriteProcessMemory request was completed. (0x12B)
[0204/192443.106:ERROR:process_memory_win.cc(73)] ReadMemory at 0x7ff8f36bf4f8 of 40 bytes failed: Only part of a ReadProcessMemory or WriteProcessMemory request was completed. (0x12B)
[0204/192443.106:ERROR:process_memory_win.cc(73)] ReadMemory at 0x7ff8f36bf978 of 48 bytes failed: Only part of a ReadProcessMemory or WriteProcessMemory request was completed. (0x12B)
[0204/192443.106:ERROR:process_memory_win.cc(73)] ReadMemory at 0x7ff8f36c53c0 of 64 bytes failed: Only part of a ReadProcessMemory or WriteProcessMemory request was completed. (0x12B)
[0204/192443.110:ERROR:scoped_process_suspend.cc(40)] NtResumeProcess: An attempt was made to access an exiting process. (0xc000010a)
[0314/002433.328:ERROR:filesystem_win.cc(148)] DeleteFile C:\Users\agordic\AppData\Local\Temp\scoped_dir82852_1918369931\Crashpad\reports\4323c029-1048-4d1e-a387-4ecfc748c932.dmp: The process cannot access the file because it is being used by another process. (0x20)
[0314/002435.850:ERROR:filesystem_win.cc(148)] DeleteFile C:\Users\agordic\AppData\Local\Temp\scoped_dir82852_1918369931\Crashpad\reports\1e4c4ea3-1402-465a-a23e-44e16cb4669b.dmp: The process cannot access the file because it is being used by another process. (0x20)
[0314/112647.828:ERROR:process_info.cc(359)] UncheckedAllocate
[0402/205029.020:ERROR:process_info.cc(359)] UncheckedAllocate
[0402/205029.074:ERROR:filesystem_win.cc(148)] DeleteFile C:\Users\agordic\AppData\Local\Temp\scoped_dir112608_503861250\Crashpad\reports\66300403-d39e-4fbd-bd2b-8a6cc04b18f8.dmp: The process cannot access the file because it is being used by another process. (0x20)
[0402/231227.748:ERROR:process_info.cc(359)] UncheckedAllocate
[0404/083327.162:ERROR:process_info.cc(375)] NtQuerySystemInformation SystemExtendedHandleInformation: The specified information record length does not match the length required for the specified information class. (0xc0000004)
[0404/083339.321:ERROR:http_transport_win.cc(276)] WinHttpSendRequest: The operation completed successfully. (0x0)
[0405/112611.402:ERROR:filesystem_win.cc(148)] DeleteFile C:\Users\agordic\AppData\Local\Temp\scoped_dir29404_434478973\Crashpad\reports\46d60807-3944-4143-9bdd-4a378cbd8af0.dmp: The process cannot access the file because it is being used by another process. (0x20)
[0405/112612.033:ERROR:filesystem_win.cc(148)] DeleteFile C:\Users\agordic\AppData\Local\Temp\scoped_dir29404_434478973\Crashpad\reports\3492cdee-d987-4b15-8fec-9fa5291ccb75.dmp: The process cannot access the file because it is being used by another process. (0x20)
[0406/031341.709:ERROR:filesystem_win.cc(148)] DeleteFile C:\Users\agordic\AppData\Local\Temp\scoped_dir117936_66172346\Crashpad\reports\31eb7230-8853-447f-869c-a63882dc76fa.dmp: The process cannot access the file because it is being used by another process. (0x20)
[0406/031341.760:ERROR:filesystem_win.cc(148)] DeleteFile C:\Users\agordic\AppData\Local\Temp\scoped_dir117936_66172346\Crashpad\reports\0013e210-2312-4064-9bf5-e19a6f209663.dmp: The process cannot access the file because it is being used by another process. (0x20)
[0407/005000.693:ERROR:filesystem_win.cc(148)] DeleteFile C:\Users\agordic\AppData\Local\Temp\scoped_dir96920_1102538079\Crashpad\reports\fd33177d-b6ac-430f-8f59-f65eba41f19c.dmp: The process cannot access the file because it is being used by another process. (0x20)
[0408/041007.683:ERROR:process_info.cc(359)] UncheckedAllocate
[0408/041008.479:ERROR:filesystem_win.cc(148)] DeleteFile C:\Users\agordic\AppData\Local\Temp\scoped_dir82644_905241324\Crashpad\reports\0acf4974-a03d-4036-90f9-bfee25fd5972.dmp: The process cannot access the file because it is being used by another process. (0x20)
[0411/215636.036:ERROR:file_io.cc(134)] WriteFile: The pipe is being closed. (0xE8)
[0420/222112.375:ERROR:process_info.cc(359)] UncheckedAllocate
[0422/054442.124:ERROR:file_io.cc(89)] ReadExactly: expected 36, observed 0
[0423/043937.572:ERROR:process_reader_win.cc(108)] process 34004 not found
[0423/043937.573:ERROR:exception_snapshot_win.cc(98)] thread ID 134524 not found in process
[0423/043937.574:ERROR:scoped_process_suspend.cc(40)] NtResumeProcess: An attempt was made to access an exiting process. (0xc000010a)
[0423/060050.422:ERROR:filesystem_win.cc(148)] DeleteFile C:\Users\agordic\AppData\Local\Temp\scoped_dir164116_870973777\Crashpad\reports\97d7206e-a05c-4b5f-9b2e-20d74947603d.dmp: The process cannot access the file because it is being used by another process. (0x20)
[0423/234319.103:ERROR:process_reader_win.cc(151)] SuspendThread: Access is denied. (0x5)
[0423/234319.109:ERROR:process_reader_win.cc(151)] SuspendThread: Access is denied. (0x5)
[0423/234319.109:ERROR:process_reader_win.cc(151)] SuspendThread: Access is denied. (0x5)
[0423/234319.109:ERROR:process_reader_win.cc(151)] SuspendThread: Access is denied. (0x5)
[0423/234319.109:ERROR:process_reader_win.cc(151)] SuspendThread: Access is denied. (0x5)
[0423/234319.109:ERROR:exception_snapshot_win.cc(98)] thread ID 54184 not found in process
[0424/042333.956:ERROR:filesystem_win.cc(148)] DeleteFile C:\Users\agordic\AppData\Local\Temp\scoped_dir167008_1321106598\Crashpad\reports\7c9701f2-3b3e-43f5-aaf5-d75296cf17ff.dmp: The process cannot access the file because it is being used by another process. (0x20)
[0425/140849.258:ERROR:process_info.cc(359)] UncheckedAllocate
[0425/151349.365:ERROR:process_info.cc(375)] NtQuerySystemInformation SystemExtendedHandleInformation: The specified information record length does not match the length required for the specified information class. (0xc0000004)
[0426/025807.095:ERROR:filesystem_win.cc(148)] DeleteFile C:\Users\agordic\AppData\Local\Temp\scoped_dir169132_713095602\Crashpad\reports\c89d85ff-ed82-4fad-a90f-be339641c92b.dmp: The process cannot access the file because it is being used by another process. (0x20)
[0426/093257.671:ERROR:file_io.cc(134)] WriteFile: The pipe is being closed. (0xE8)
[0426/093326.892:ERROR:file_io.cc(134)] WriteFile: The pipe is being closed. (0xE8)
[0427/010315.323:ERROR:filesystem_win.cc(148)] DeleteFile C:\Users\agordic\AppData\Local\Temp\scoped_dir7272_1194609267\Crashpad\reports\e5bb7dc5-c86e-4f5b-8fdb-990f440552fb.dmp: The process cannot access the file because it is being used by another process. (0x20)
[0429/144243.492:ERROR:file_io.cc(89)] ReadExactly: expected 36, observed 0
[0501/110224.651:ERROR:filesystem_win.cc(148)] DeleteFile C:\Users\agordic\AppData\Local\Temp\scoped_dir121556_713481059\Crashpad\reports\85a2583f-d47e-40c1-8029-818d71cd5899.dmp: The process cannot access the file because it is being used by another process. (0x20)
[0501/112704.929:ERROR:filesystem_win.cc(148)] DeleteFile C:\Users\agordic\AppData\Local\Temp\scoped_dir120704_1243979896\Crashpad\reports\fd437361-a6a6-496e-b8e0-5c9fea251f56.dmp: The process cannot access the file because it is being used by another process. (0x20)
[0503/031527.113:ERROR:process_info.cc(375)] NtQuerySystemInformation SystemExtendedHandleInformation: The specified information record length does not match the length required for the specified information class. (0xc0000004)
[0503/031653.292:ERROR:process_info.cc(375)] NtQuerySystemInformation SystemExtendedHandleInformation: The specified information record length does not match the length required for the specified information class. (0xc0000004)
[0503/031713.782:ERROR:filesystem_win.cc(148)] DeleteFile C:\Users\agordic\AppData\Local\Temp\scoped_dir150248_136514393\Crashpad\reports\b7e897e1-cfc3-4f4a-a66d-ded73a604713.dmp: The process cannot access the file because it is being used by another process. (0x20)
[0503/140059.946:ERROR:file_io.cc(89)] ReadExactly: expected 36, observed 0
[0503/152513.571:ERROR:file_io.cc(134)] WriteFile: The pipe is being closed. (0xE8)
[0506/045008.817:ERROR:process_info.cc(359)] UncheckedAllocate
[0506/045028.482:ERROR:filesystem_win.cc(148)] DeleteFile C:\Users\agordic\AppData\Local\Temp\scoped_dir123032_481001596\Crashpad\reports\ddbdb00e-273d-4a8b-a584-9ca4af6a9788.dmp: The process cannot access the file because it is being used by another process. (0x20)
