#
# There is insufficient memory for the Java Runtime Environment to continue.
# Native memory allocation (malloc) failed to allocate 1048576 bytes for AllocateHeap
# Possible reasons:
#   The system is out of physical RAM or swap space
#   The process is running with CompressedOops enabled, and the Java Heap may be blocking the growth of the native heap
# Possible solutions:
#   Reduce memory load on the system
#   Increase physical memory or swap space
#   Check if swap backing store is full
#   Decrease Java heap size (-Xmx/-Xms)
#   Decrease number of Java threads
#   Decrease Java thread stack sizes (-Xss)
#   Set larger code cache with -XX:ReservedCodeCacheSize=
#   JVM is running with Zero Based Compressed Oops mode in which the Java heap is
#     placed in the first 32GB address space. The Java Heap base address is the
#     maximum limit for the native heap growth. Please use -XX:HeapBaseMinAddress
#     to set the Java Heap base and to place the Java Heap above 32GB virtual address.
# This output file may be truncated or incomplete.
#
#  Out of Memory Error (memory/allocation.inline.hpp:61), pid=61832, tid=0x000000000001db4c
#
# JRE version:  (8.0_211-b12) (build )
# Java VM: Java HotSpot(TM) 64-Bit Server VM (25.211-b12 mixed mode windows-amd64 compressed oops)
# Failed to write core dump. Minidumps are not enabled by default on client versions of Windows
#

---------------  T H R E A D  ---------------

Current thread (0x00000000031b8000):  JavaThread "Unknown thread" [_thread_in_vm, id=121676, stack(0x00000000030b0000,0x00000000031b0000)]

Stack: [0x00000000030b0000,0x00000000031b0000]
[error occurred during error reporting (printing stack bounds), id 0xc0000005]

Native frames: (J=compiled Java code, j=interpreted, Vv=VM code, C=native code)


---------------  P R O C E S S  ---------------

Java Threads: ( => current thread )

Other Threads:

=>0x00000000031b8000 (exited) JavaThread "Unknown thread" [_thread_in_vm, id=121676, stack(0x00000000030b0000,0x00000000031b0000)]

VM state:not at safepoint (normal execution)

VM Mutex/Monitor currently owned by a thread: None

heap address: 0x00000006c0000000, size: 4096 MB, Compressed Oops mode: Zero based, Oop shift amount: 3
Narrow klass base: 0x0000000000000000, Narrow klass shift: 3
Compressed class space size: 1073741824 Address: 0x00000007c0000000

Heap:
 PSYoungGen      total 75776K, used 1300K [0x000000076ab00000, 0x000000076ff80000, 0x00000007c0000000)
  eden space 65024K, 2% used [0x000000076ab00000,0x000000076ac451f8,0x000000076ea80000)
  from space 10752K, 0% used [0x000000076f500000,0x000000076f500000,0x000000076ff80000)
  to   space 10752K, 0% used [0x000000076ea80000,0x000000076ea80000,0x000000076f500000)
 ParOldGen       total 173568K, used 0K [0x00000006c0000000, 0x00000006ca980000, 0x000000076ab00000)
  object space 173568K, 0% used [0x00000006c0000000,0x00000006c0000000,0x00000006ca980000)
 Metaspace       used 751K, capacity 4480K, committed 4480K, reserved 1056768K
  class space    used 76K, capacity 384K, committed 384K, reserved 1048576K

Card table byte_map: [0x0000000012670000,0x0000000012e80000] byte_map_base: 0x000000000f070000

Marking Bits: (ParMarkBitMap*) 0x00000000601d5ce0
 Begin Bits: [0x0000000013be0000, 0x0000000017be0000)
 End Bits:   [0x0000000017be0000, 0x000000001bbe0000)

Polling page: 0x0000000002f10000

CodeCache: size=245760Kb used=328Kb max_used=328Kb free=245431Kb
 bounds [0x00000000032b0000, 0x0000000003520000, 0x00000000122b0000]
 total_blobs=58 nmethods=0 adapters=38
 compilation: enabled

Compilation events (0 events):
No events

GC Heap History (0 events):
No events

Deoptimization events (0 events):
No events

Classes redefined (0 events):
No events

Internal exceptions (0 events):
No events

Events (10 events):
Event: 0.031 loading class java/lang/Short
Event: 0.031 loading class java/lang/Short done
Event: 0.031 loading class java/lang/Integer
Event: 0.031 loading class java/lang/Integer done
Event: 0.031 loading class java/lang/Long
Event: 0.031 loading class java/lang/Long done
Event: 0.032 loading class java/lang/NullPointerException
Event: 0.032 loading class java/lang/NullPointerException done
Event: 0.032 loading class java/lang/ArithmeticException
Event: 0.032 loading class java/lang/ArithmeticException done


Dynamic libraries:
0x00007ff630fb0000 - 0x00007ff630fe7000 	C:\Program Files\Java\jre1.8.0_211\bin\javaw.exe
0x00007ffcf6d00000 - 0x00007ffcf6ef0000 	C:\Windows\SYSTEM32\ntdll.dll
0x00007ffcf69c0000 - 0x00007ffcf6a72000 	C:\Windows\System32\KERNEL32.DLL
0x00007ffcf3f70000 - 0x00007ffcf4213000 	C:\Windows\System32\KERNELBASE.dll
0x00007ffcf61d0000 - 0x00007ffcf6273000 	C:\Windows\System32\ADVAPI32.dll
0x00007ffcf5670000 - 0x00007ffcf570e000 	C:\Windows\System32\msvcrt.dll
0x00007ffcf6920000 - 0x00007ffcf69b7000 	C:\Windows\System32\sechost.dll
0x00007ffcf59c0000 - 0x00007ffcf5ae0000 	C:\Windows\System32\RPCRT4.dll
0x00007ffcf5290000 - 0x00007ffcf5424000 	C:\Windows\System32\USER32.dll
0x00007ffcf3c90000 - 0x00007ffcf3cb1000 	C:\Windows\System32\win32u.dll
0x00007ffcf51e0000 - 0x00007ffcf5206000 	C:\Windows\System32\GDI32.dll
0x00007ffcf4340000 - 0x00007ffcf44d4000 	C:\Windows\System32\gdi32full.dll
0x00007ffcf4220000 - 0x00007ffcf42be000 	C:\Windows\System32\msvcp_win.dll
0x00007ffcf3de0000 - 0x00007ffcf3eda000 	C:\Windows\System32\ucrtbase.dll
0x00007ffcd6780000 - 0x00007ffcd6a05000 	C:\Windows\WinSxS\amd64_microsoft.windows.common-controls_6595b64144ccf1df_6.0.18362.592_none_e6c0b1911312be02\COMCTL32.dll
0x00007ffcf4db0000 - 0x00007ffcf50e6000 	C:\Windows\System32\combase.dll
0x00007ffcf42c0000 - 0x00007ffcf4340000 	C:\Windows\System32\bcryptPrimitives.dll
0x00007ffcf5150000 - 0x00007ffcf517e000 	C:\Windows\System32\IMM32.DLL
0x0000000060e50000 - 0x0000000060f22000 	C:\Program Files\Java\jre1.8.0_211\bin\msvcr100.dll
0x000000005f9b0000 - 0x0000000060255000 	C:\Program Files\Java\jre1.8.0_211\bin\server\jvm.dll
0x00007ffcf59b0000 - 0x00007ffcf59b8000 	C:\Windows\System32\PSAPI.DLL
0x00007ffceb050000 - 0x00007ffceb074000 	C:\Windows\SYSTEM32\WINMM.dll
0x00007ffcce4f0000 - 0x00007ffcce4f9000 	C:\Windows\SYSTEM32\WSOCK32.dll
0x00007ffcec960000 - 0x00007ffcec96a000 	C:\Windows\SYSTEM32\VERSION.dll
0x00007ffcf54a0000 - 0x00007ffcf550f000 	C:\Windows\System32\WS2_32.dll
0x00007ffceafe0000 - 0x00007ffceb00d000 	C:\Windows\SYSTEM32\WINMMBASE.dll
0x00007ffcf3cc0000 - 0x00007ffcf3d0a000 	C:\Windows\System32\cfgmgr32.dll
0x00007ffcec150000 - 0x00007ffcec15f000 	C:\Program Files\Java\jre1.8.0_211\bin\verify.dll
0x00007ffccec70000 - 0x00007ffccec99000 	C:\Program Files\Java\jre1.8.0_211\bin\java.dll
0x00007ffcd52d0000 - 0x00007ffcd52e6000 	C:\Program Files\Java\jre1.8.0_211\bin\zip.dll

VM Arguments:
jvm_args: -Dcom.sun.management.jmxremote -Dcom.sun.management.jmxremote.port=54159 -Dcom.sun.management.jmxremote.authenticate=false -Dcom.sun.management.jmxremote.ssl=false -Djava.rmi.server.hostname=localhost -Dspring.jmx.enabled=true -Dspring.application.admin.enabled=true -Xmx4096M -Xverify:none -XX:TieredStopAtLevel=1 -Dfile.encoding=UTF-8 
java_command: com.analyze.controllers.AddScreenShotToAdController --spring.output.ansi.enabled=always
java_class_path (initial): C:\Users\agordic\Documents\workspace-spring-tool-suite-4-4.2.1.RELEASE\nups_analiza_trzista\target\classes;C:\Users\agordic\.m2\repository\it\grabz\grabzit\grabzit\3.3.7\grabzit-3.3.7.jar;C:\Users\agordic\.m2\repository\org\seleniumhq\selenium\selenium-java\3.141.59\selenium-java-3.141.59.jar;C:\Users\agordic\.m2\repository\org\seleniumhq\selenium\selenium-api\3.14.0\selenium-api-3.14.0.jar;C:\Users\agordic\.m2\repository\org\seleniumhq\selenium\selenium-chrome-driver\3.14.0\selenium-chrome-driver-3.14.0.jar;C:\Users\agordic\.m2\repository\commons-codec\commons-codec\1.11\commons-codec-1.11.jar;C:\Users\agordic\.m2\repository\commons-logging\commons-logging\1.2\commons-logging-1.2.jar;C:\Users\agordic\.m2\repository\org\apache\httpcomponents\httpclient\4.5.7\httpclient-4.5.7.jar;C:\Users\agordic\.m2\repository\org\apache\httpcomponents\httpcore\4.4.11\httpcore-4.4.11.jar;C:\Users\agordic\.m2\repository\org\seleniumhq\selenium\selenium-edge-driver\3.14.0\selenium-edge-driver-3.14.0.jar;C:\Users\agordic\.m2\repository\org\seleniumhq\selenium\selenium-firefox-driver\3.14.0\selenium-firefox-driver-3.14.0.jar;C:\Users\agordic\.m2\repository\org\seleniumhq\selenium\selenium-ie-driver\3.14.0\selenium-ie-driver-3.14.0.jar;C:\Users\agordic\.m2\repository\org\seleniumhq\selenium\selenium-opera-driver\3.14.0\selenium-opera-driver-3.14.0.jar;C:\Users\agordic\.m2\repository\org\seleniumhq\selenium\selenium-remote-driver\3.14.0\selenium-remote-driver-3.14.0.jar;C:\Users\agordic\.m2\repository\org\seleniumhq\selenium\selenium-safari-driver\3.14.0\selenium-safari-driver-3.14.0.jar;C:\Users\agordic\.m2\repository\org\seleniumhq\selenium\selenium-support\3.14.0\selenium-support-3.14.0.jar;C:\Users\agordic\.m2\repository\net\bytebuddy\byte-buddy\1.9.10\byte-buddy-1.9.10.jar;C:\Users\agordic\.m2\repository\org\apache\commons\commons-exec\1.3\commons-exec-1.3.jar;C:\Users\agordic\.m2\repository\com\google\guava\guava\25.0-jre\guava-25.0-jre.jar;C:\Users\agor
Launcher Type: SUN_STANDARD

Environment Variables:
JAVA_HOME=C:\Program Files\Java\jdk1.8.0_211
PATH=C:/Program Files/Java/jre1.8.0_211/bin/server;C:/Program Files/Java/jre1.8.0_211/bin;C:/Program Files/Java/jre1.8.0_211/lib/amd64;C:\Python27\;C:\Python27\Scripts;C:\Program Files (x86)\Common Files\Oracle\Java\javapath;C:\Windows\system32;C:\Windows;C:\Windows\System32\Wbem;C:\Windows\System32\WindowsPowerShell\v1.0\;C:\Windows\System32\OpenSSH\;C:\Program Files\Git\cmd;C:\Program Files\TortoiseGit\bin;C:\xampp\php;C:\composer;C:\Program Files\Java\jdk1.8.0_211\bin\;C:\Program Files\PuTTY\;C:\ProgramData\chocolatey\bin;C:\Program Files\nodejs\;C:\Program Files\PostgreSQL\12\bin;C:\Program Files\PostgreSQL\12\lib;C:\Program Files\Intel\WiFi\bin\;C:\Program Files\Common Files\Intel\WirelessCommon\;C:\Program Files (x86)\GitExtensions\;C:\Users\agordic\AppData\Local\Microsoft\WindowsApps;C:\Program Files\apache-maven-3.6.0\bin;;C:\Users\agordic\AppData\Local\Programs\Microsoft VS Code\bin;C:\Program Files\JetBrains\IntelliJ IDEA Community Edition 2019.2\bin;;C:\Users\agordic\AppData\Roaming\Composer\vendor\bin;C:\Users\agordic\AppData\Roaming\npm;C:\Users\agordic\Desktop\spring-tool-suite-4-4.2.1.RELEASE-e4.11.0-win32.win32.x86_64\sts-4.2.1.RELEASE;
USERNAME=agordic
OS=Windows_NT
PROCESSOR_IDENTIFIER=Intel64 Family 6 Model 142 Stepping 10, GenuineIntel



---------------  S Y S T E M  ---------------

OS: Windows 10.0 , 64 bit Build 18362 (10.0.18362.329)

CPU:total 8 (initial active 8) (4 cores per cpu, 2 threads per core) family 6 model 142 stepping 10, cmov, cx8, fxsr, mmx, sse, sse2, sse3, ssse3, sse4.1, sse4.2, popcnt, avx, avx2, aes, clmul, erms, 3dnowpref, lzcnt, ht, tsc, tscinvbit, bmi1, bmi2, adx

Memory: 4k page, physical 16595444k(3339312k free), swap 42812400k(5168k free)

vm_info: Java HotSpot(TM) 64-Bit Server VM (25.211-b12) for windows-amd64 JRE (1.8.0_211-b12), built on Apr  1 2019 20:53:26 by "java_re" with MS VC++ 10.0 (VS2010)

time: Sat Jan 25 20:06:06 2020
timezone: Central Europe Standard Time
elapsed time: 0 seconds (0d 0h 0m 0s)

