#
# There is insufficient memory for the Java Runtime Environment to continue.
# Native memory allocation (malloc) failed to allocate 32744 bytes for ChunkPool::allocate
# Possible reasons:
#   The system is out of physical RAM or swap space
#   The process is running with CompressedOops enabled, and the Java Heap may be blocking the growth of the native heap
# Possible solutions:
#   Reduce memory load on the system
#   Increase physical memory or swap space
#   Check if swap backing store is full
#   Decrease Java heap size (-Xmx/-Xms)
#   Decrease number of Java threads
#   Decrease Java thread stack sizes (-Xss)
#   Set larger code cache with -XX:ReservedCodeCacheSize=
#   JVM is running with Zero Based Compressed Oops mode in which the Java heap is
#     placed in the first 32GB address space. The Java Heap base address is the
#     maximum limit for the native heap growth. Please use -XX:HeapBaseMinAddress
#     to set the Java Heap base and to place the Java Heap above 32GB virtual address.
# This output file may be truncated or incomplete.
#
#  Out of Memory Error (allocation.cpp:272), pid=129768, tid=0x00000000000039c0
#
# JRE version: Java(TM) SE Runtime Environment (8.0_211-b12) (build 1.8.0_211-b12)
# Java VM: Java HotSpot(TM) 64-Bit Server VM (25.211-b12 mixed mode windows-amd64 compressed oops)
# Failed to write core dump. Minidumps are not enabled by default on client versions of Windows
#

---------------  T H R E A D  ---------------

Current thread (0x000000001bb30000):  JavaThread "C1 CompilerThread3" daemon [_thread_in_native, id=14784, stack(0x000000001c5f0000,0x000000001c6f0000)]

Stack: [0x000000001c5f0000,0x000000001c6f0000]
[error occurred during error reporting (printing stack bounds), id 0xc0000005]

Native frames: (J=compiled Java code, j=interpreted, Vv=VM code, C=native code)


Current CompileTask:
C1:   3390 1151   !   1       com.sun.org.apache.xerces.internal.impl.XMLDocumentFragmentScannerImpl$FragmentContentDriver::next (2346 bytes)


---------------  P R O C E S S  ---------------

Java Threads: ( => current thread )
  0x000000001df92800 JavaThread "JMX server connection timeout 21" daemon [_thread_blocked, id=47228, stack(0x000000001f260000,0x000000001f360000)]
  0x000000001dfaa000 JavaThread "RMI TCP Connection(3)-127.0.0.1" daemon [_thread_in_native, id=137440, stack(0x000000001f160000,0x000000001f260000)]
  0x000000001d457800 JavaThread "RMI TCP Connection(2)-127.0.0.1" daemon [_thread_in_native, id=139312, stack(0x000000001ef60000,0x000000001f060000)]
  0x000000001d410800 JavaThread "mysql-cj-abandoned-connection-cleanup" daemon [_thread_blocked, id=135560, stack(0x000000001dc90000,0x000000001dd90000)]
  0x000000001d141800 JavaThread "JMX server connection timeout 17" daemon [_thread_blocked, id=95860, stack(0x000000001d990000,0x000000001da90000)]
  0x000000001d29e000 JavaThread "RMI Scheduler(0)" daemon [_thread_blocked, id=71392, stack(0x000000001d890000,0x000000001d990000)]
  0x000000001d124000 JavaThread "RMI TCP Connection(1)-127.0.0.1" daemon [_thread_in_native, id=20060, stack(0x000000001d790000,0x000000001d890000)]
  0x000000001d0db800 JavaThread "RMI TCP Accept-0" daemon [_thread_in_native, id=63540, stack(0x000000001d590000,0x000000001d690000)]
  0x000000001d0ce800 JavaThread "RMI TCP Accept-54171" daemon [_thread_in_native, id=19200, stack(0x000000001d490000,0x000000001d590000)]
  0x000000001d0c3000 JavaThread "RMI TCP Accept-0" daemon [_thread_in_native, id=127284, stack(0x000000001c7f0000,0x000000001c8f0000)]
  0x000000001bbb5000 JavaThread "Service Thread" daemon [_thread_blocked, id=137392, stack(0x000000001c6f0000,0x000000001c7f0000)]
=>0x000000001bb30000 JavaThread "C1 CompilerThread3" daemon [_thread_in_native, id=14784, stack(0x000000001c5f0000,0x000000001c6f0000)]
  0x000000001bb2d000 JavaThread "C2 CompilerThread2" daemon [_thread_blocked, id=120516, stack(0x000000001c4f0000,0x000000001c5f0000)]
  0x000000001bb26800 JavaThread "C2 CompilerThread1" daemon [_thread_blocked, id=85488, stack(0x000000001c3f0000,0x000000001c4f0000)]
  0x000000001bb24800 JavaThread "C2 CompilerThread0" daemon [_thread_blocked, id=86032, stack(0x000000001c2f0000,0x000000001c3f0000)]
  0x000000001bb22800 JavaThread "Attach Listener" daemon [_thread_blocked, id=127408, stack(0x000000001c1f0000,0x000000001c2f0000)]
  0x000000001bb21800 JavaThread "Signal Dispatcher" daemon [_thread_blocked, id=118896, stack(0x000000001c0f0000,0x000000001c1f0000)]
  0x0000000019c15000 JavaThread "Finalizer" daemon [_thread_blocked, id=139248, stack(0x000000001bef0000,0x000000001bff0000)]
  0x0000000019c0e000 JavaThread "Reference Handler" daemon [_thread_blocked, id=120968, stack(0x000000001b9f0000,0x000000001baf0000)]
  0x0000000002558000 JavaThread "main" [_thread_in_vm, id=95068, stack(0x0000000002450000,0x0000000002550000)]

Other Threads:
  0x0000000019c06800 VMThread [stack: 0x000000001b8f0000,0x000000001b9f0000] [id=132828]
  0x000000001d0e0800 WatcherThread [stack: 0x000000001d690000,0x000000001d790000] [id=73992]

VM state:not at safepoint (normal execution)

VM Mutex/Monitor currently owned by a thread: None

OutOfMemory and StackOverflow Exception counts:
OutOfMemoryError java_heap_errors=1

heap address: 0x0000000700000000, size: 3072 MB, Compressed Oops mode: Zero based, Oop shift amount: 3
Narrow klass base: 0x0000000000000000, Narrow klass shift: 3
Compressed class space size: 1073741824 Address: 0x00000007c0000000

Heap:
 PSYoungGen      total 75776K, used 2128K [0x0000000780000000, 0x0000000785480000, 0x00000007c0000000)
  eden space 65024K, 3% used [0x0000000780000000,0x0000000780214198,0x0000000783f80000)
  from space 10752K, 0% used [0x0000000783f80000,0x0000000783f80000,0x0000000784a00000)
  to   space 10752K, 0% used [0x0000000784a00000,0x0000000784a00000,0x0000000785480000)
 ParOldGen       total 179712K, used 4999K [0x0000000700000000, 0x000000070af80000, 0x0000000780000000)
  object space 179712K, 2% used [0x0000000700000000,0x00000007004e1e08,0x000000070af80000)
 Metaspace       used 15366K, capacity 15646K, committed 16000K, reserved 1069056K
  class space    used 1949K, capacity 2030K, committed 2176K, reserved 1048576K

Card table byte_map: [0x0000000011a10000,0x0000000012020000] byte_map_base: 0x000000000e210000

Marking Bits: (ParMarkBitMap*) 0x00000000601d5ce0
 Begin Bits: [0x0000000012c20000, 0x0000000015c20000)
 End Bits:   [0x0000000015c20000, 0x0000000018c20000)

Polling page: 0x0000000000620000

CodeCache: size=245760Kb used=2916Kb max_used=2916Kb free=242843Kb
 bounds [0x0000000002650000, 0x0000000002930000, 0x0000000011650000]
 total_blobs=1562 nmethods=1150 adapters=324
 compilation: enabled

Compilation events (10 events):
Event: 3.375 Thread 0x000000001bb30000 nmethod 1145 0x0000000002928390 code [0x00000000029284e0, 0x00000000029285f0]
Event: 3.375 Thread 0x000000001bb30000 1147       1       com.sun.org.apache.xerces.internal.util.XMLChar::isNameStart (22 bytes)
Event: 3.376 Thread 0x000000001bb30000 nmethod 1147 0x0000000002928650 code [0x00000000029287a0, 0x00000000029288f0]
Event: 3.376 Thread 0x000000001bb30000 1148       1       com.sun.org.apache.xerces.internal.dom.DeferredDocumentImpl::getChunkIndex (16 bytes)
Event: 3.376 Thread 0x000000001bb30000 nmethod 1148 0x00000000029289d0 code [0x0000000002928b20, 0x0000000002928c90]
Event: 3.376 Thread 0x000000001bb30000 1149       1       com.sun.org.apache.xerces.internal.impl.XMLDocumentFragmentScannerImpl::setScannerState (6 bytes)
Event: 3.376 Thread 0x000000001bb30000 nmethod 1149 0x0000000002928dd0 code [0x0000000002928f20, 0x0000000002929030]
Event: 3.376 Thread 0x000000001bb30000 1150       1       com.sun.org.apache.xerces.internal.impl.XMLDocumentScannerImpl::next (10 bytes)
Event: 3.376 Thread 0x000000001bb30000 nmethod 1150 0x0000000002929090 code [0x00000000029291e0, 0x0000000002929328]
Event: 3.376 Thread 0x000000001bb30000 1151   !   1       com.sun.org.apache.xerces.internal.impl.XMLDocumentFragmentScannerImpl$FragmentContentDriver::next (2346 bytes)

GC Heap History (10 events):
Event: 3.199 GC heap before
{Heap before GC invocations=16 (full 13):
 PSYoungGen      total 75776K, used 65024K [0x0000000780000000, 0x0000000785480000, 0x00000007c0000000)
  eden space 65024K, 100% used [0x0000000780000000,0x0000000783f80000,0x0000000783f80000)
  from space 10752K, 0% used [0x0000000783f80000,0x0000000783f80000,0x0000000784a00000)
  to   space 10752K, 0% used [0x0000000784a00000,0x0000000784a00000,0x0000000785480000)
 ParOldGen       total 179712K, used 179524K [0x0000000700000000, 0x000000070af80000, 0x0000000780000000)
  object space 179712K, 99% used [0x0000000700000000,0x000000070af510c0,0x000000070af80000)
 Metaspace       used 13372K, capacity 13656K, committed 13952K, reserved 1060864K
  class space    used 1695K, capacity 1807K, committed 1920K, reserved 1048576K
Event: 3.217 GC heap after
Heap after GC invocations=16 (full 13):
 PSYoungGen      total 75776K, used 0K [0x0000000780000000, 0x0000000785480000, 0x00000007c0000000)
  eden space 65024K, 0% used [0x0000000780000000,0x0000000780000000,0x0000000783f80000)
  from space 10752K, 0% used [0x0000000783f80000,0x0000000783f80000,0x0000000784a00000)
  to   space 10752K, 0% used [0x0000000784a00000,0x0000000784a00000,0x0000000785480000)
 ParOldGen       total 179712K, used 4252K [0x0000000700000000, 0x000000070af80000, 0x0000000780000000)
  object space 179712K, 2% used [0x0000000700000000,0x0000000700427238,0x000000070af80000)
 Metaspace       used 13372K, capacity 13656K, committed 13952K, reserved 1060864K
  class space    used 1695K, capacity 1807K, committed 1920K, reserved 1048576K
}
Event: 3.278 GC heap before
{Heap before GC invocations=17 (full 13):
 PSYoungGen      total 75776K, used 7869K [0x0000000780000000, 0x0000000785480000, 0x00000007c0000000)
  eden space 65024K, 12% used [0x0000000780000000,0x00000007807af4b0,0x0000000783f80000)
  from space 10752K, 0% used [0x0000000783f80000,0x0000000783f80000,0x0000000784a00000)
  to   space 10752K, 0% used [0x0000000784a00000,0x0000000784a00000,0x0000000785480000)
 ParOldGen       total 179712K, used 4252K [0x0000000700000000, 0x000000070af80000, 0x0000000780000000)
  object space 179712K, 2% used [0x0000000700000000,0x0000000700427238,0x000000070af80000)
 Metaspace       used 14338K, capacity 14556K, committed 14848K, reserved 1067008K
  class space    used 1817K, capacity 1913K, committed 2048K, reserved 1048576K
Event: 3.280 GC heap after
Heap after GC invocations=17 (full 13):
 PSYoungGen      total 75776K, used 1064K [0x0000000780000000, 0x0000000785480000, 0x00000007c0000000)
  eden space 65024K, 0% used [0x0000000780000000,0x0000000780000000,0x0000000783f80000)
  from space 10752K, 9% used [0x0000000784a00000,0x0000000784b0a2d8,0x0000000785480000)
  to   space 10752K, 0% used [0x0000000783f80000,0x0000000783f80000,0x0000000784a00000)
 ParOldGen       total 179712K, used 4260K [0x0000000700000000, 0x000000070af80000, 0x0000000780000000)
  object space 179712K, 2% used [0x0000000700000000,0x0000000700429238,0x000000070af80000)
 Metaspace       used 14338K, capacity 14556K, committed 14848K, reserved 1067008K
  class space    used 1817K, capacity 1913K, committed 2048K, reserved 1048576K
}
Event: 3.280 GC heap before
{Heap before GC invocations=18 (full 14):
 PSYoungGen      total 75776K, used 1064K [0x0000000780000000, 0x0000000785480000, 0x00000007c0000000)
  eden space 65024K, 0% used [0x0000000780000000,0x0000000780000000,0x0000000783f80000)
  from space 10752K, 9% used [0x0000000784a00000,0x0000000784b0a2d8,0x0000000785480000)
  to   space 10752K, 0% used [0x0000000783f80000,0x0000000783f80000,0x0000000784a00000)
 ParOldGen       total 179712K, used 4260K [0x0000000700000000, 0x000000070af80000, 0x0000000780000000)
  object space 179712K, 2% used [0x0000000700000000,0x0000000700429238,0x000000070af80000)
 Metaspace       used 14338K, capacity 14556K, committed 14848K, reserved 1067008K
  class space    used 1817K, capacity 1913K, committed 2048K, reserved 1048576K
Event: 3.297 GC heap after
Heap after GC invocations=18 (full 14):
 PSYoungGen      total 75776K, used 0K [0x0000000780000000, 0x0000000785480000, 0x00000007c0000000)
  eden space 65024K, 0% used [0x0000000780000000,0x0000000780000000,0x0000000783f80000)
  from space 10752K, 0% used [0x0000000784a00000,0x0000000784a00000,0x0000000785480000)
  to   space 10752K, 0% used [0x0000000783f80000,0x0000000783f80000,0x0000000784a00000)
 ParOldGen       total 179712K, used 5067K [0x0000000700000000, 0x000000070af80000, 0x0000000780000000)
  object space 179712K, 2% used [0x0000000700000000,0x00000007004f2e40,0x000000070af80000)
 Metaspace       used 14338K, capacity 14556K, committed 14848K, reserved 1064960K
  class space    used 1817K, capacity 1913K, committed 2048K, reserved 1048576K
}
Event: 3.297 GC heap before
{Heap before GC invocations=19 (full 14):
 PSYoungGen      total 75776K, used 0K [0x0000000780000000, 0x0000000785480000, 0x00000007c0000000)
  eden space 65024K, 0% used [0x0000000780000000,0x0000000780000000,0x0000000783f80000)
  from space 10752K, 0% used [0x0000000784a00000,0x0000000784a00000,0x0000000785480000)
  to   space 10752K, 0% used [0x0000000783f80000,0x0000000783f80000,0x0000000784a00000)
 ParOldGen       total 179712K, used 5067K [0x0000000700000000, 0x000000070af80000, 0x0000000780000000)
  object space 179712K, 2% used [0x0000000700000000,0x00000007004f2e40,0x000000070af80000)
 Metaspace       used 14338K, capacity 14556K, committed 14848K, reserved 1069056K
  class space    used 1817K, capacity 1913K, committed 2048K, reserved 1048576K
Event: 3.298 GC heap after
Heap after GC invocations=19 (full 14):
 PSYoungGen      total 75776K, used 0K [0x0000000780000000, 0x0000000785480000, 0x00000007c0000000)
  eden space 65024K, 0% used [0x0000000780000000,0x0000000780000000,0x0000000783f80000)
  from space 10752K, 0% used [0x0000000783f80000,0x0000000783f80000,0x0000000784a00000)
  to   space 10752K, 0% used [0x0000000784a00000,0x0000000784a00000,0x0000000785480000)
 ParOldGen       total 179712K, used 5067K [0x0000000700000000, 0x000000070af80000, 0x0000000780000000)
  object space 179712K, 2% used [0x0000000700000000,0x00000007004f2e40,0x000000070af80000)
 Metaspace       used 14338K, capacity 14556K, committed 14848K, reserved 1069056K
  class space    used 1817K, capacity 1913K, committed 2048K, reserved 1048576K
}
Event: 3.298 GC heap before
{Heap before GC invocations=20 (full 15):
 PSYoungGen      total 75776K, used 0K [0x0000000780000000, 0x0000000785480000, 0x00000007c0000000)
  eden space 65024K, 0% used [0x0000000780000000,0x0000000780000000,0x0000000783f80000)
  from space 10752K, 0% used [0x0000000783f80000,0x0000000783f80000,0x0000000784a00000)
  to   space 10752K, 0% used [0x0000000784a00000,0x0000000784a00000,0x0000000785480000)
 ParOldGen       total 179712K, used 5067K [0x0000000700000000, 0x000000070af80000, 0x0000000780000000)
  object space 179712K, 2% used [0x0000000700000000,0x00000007004f2e40,0x000000070af80000)
 Metaspace       used 14338K, capacity 14556K, committed 14848K, reserved 1069056K
  class space    used 1817K, capacity 1913K, committed 2048K, reserved 1048576K
Event: 3.344 GC heap after
Heap after GC invocations=20 (full 15):
 PSYoungGen      total 75776K, used 0K [0x0000000780000000, 0x0000000785480000, 0x00000007c0000000)
  eden space 65024K, 0% used [0x0000000780000000,0x0000000780000000,0x0000000783f80000)
  from space 10752K, 0% used [0x0000000783f80000,0x0000000783f80000,0x0000000784a00000)
  to   space 10752K, 0% used [0x0000000784a00000,0x0000000784a00000,0x0000000785480000)
 ParOldGen       total 179712K, used 4999K [0x0000000700000000, 0x000000070af80000, 0x0000000780000000)
  object space 179712K, 2% used [0x0000000700000000,0x00000007004e1e08,0x000000070af80000)
 Metaspace       used 14300K, capacity 14494K, committed 14848K, reserved 1064960K
  class space    used 1811K, capacity 1902K, committed 2048K, reserved 1048576K
}

Deoptimization events (0 events):
No events

Classes redefined (0 events):
No events

Internal exceptions (10 events):
Event: 1.509 Thread 0x000000001dfaa000 Exception <a 'java/lang/reflect/InvocationTargetException'> (0x0000000780139e28) thrown at [C:\re\workspace\8-2-build-windows-amd64-cygwin\jdk8u211\12973\hotspot\src\share\vm\runtime\reflection.cpp, line 1092]
Event: 1.511 Thread 0x000000001dfaa000 Exception <a 'java/lang/NoSuchMethodError': <clinit>> (0x000000078015bf50) thrown at [C:\re\workspace\8-2-build-windows-amd64-cygwin\jdk8u211\12973\hotspot\src\share\vm\prims\jni.cpp, line 1614]
Event: 2.016 Thread 0x000000001dfaa000 Exception <a 'java/lang/reflect/InvocationTargetException'> (0x00000007818e3da0) thrown at [C:\re\workspace\8-2-build-windows-amd64-cygwin\jdk8u211\12973\hotspot\src\share\vm\runtime\reflection.cpp, line 1092]
Event: 2.569 Thread 0x000000001dfaa000 Exception <a 'java/lang/reflect/InvocationTargetException'> (0x000000078374c258) thrown at [C:\re\workspace\8-2-build-windows-amd64-cygwin\jdk8u211\12973\hotspot\src\share\vm\runtime\reflection.cpp, line 1092]
Event: 3.099 Thread 0x000000001dfaa000 Exception <a 'java/lang/reflect/InvocationTargetException'> (0x0000000783f31e10) thrown at [C:\re\workspace\8-2-build-windows-amd64-cygwin\jdk8u211\12973\hotspot\src\share\vm\runtime\reflection.cpp, line 1092]
Event: 3.101 Thread 0x000000001dfaa000 Exception <a 'java/lang/NoSuchMethodError': <clinit>> (0x0000000783f5be88) thrown at [C:\re\workspace\8-2-build-windows-amd64-cygwin\jdk8u211\12973\hotspot\src\share\vm\prims\jni.cpp, line 1614]
Event: 3.198 Thread 0x0000000002558000 Exception <a 'java/lang/OutOfMemoryError'> (0x0000000706d40f80) thrown at [C:\re\workspace\8-2-build-windows-amd64-cygwin\jdk8u211\12973\hotspot\src\share\vm\gc_interface/collectedHeap.inline.hpp, line 159]
Event: 3.225 Thread 0x0000000002558000 Exception <a 'java/net/SocketException': Software caused connection abort: socket write error> (0x000000078011a228) thrown at [C:\re\workspace\8-2-build-windows-amd64-cygwin\jdk8u211\12973\hotspot\src\share\vm\prims\jni.cpp, line 736]
Event: 3.227 Thread 0x0000000002558000 Exception <a 'java/net/SocketException': Socket closed> (0x00000007801209c8) thrown at [C:\re\workspace\8-2-build-windows-amd64-cygwin\jdk8u211\12973\hotspot\src\share\vm\prims\jni.cpp, line 736]
Event: 3.344 Thread 0x000000001d410800 Exception <a 'java/net/SocketException': Socket closed> (0x0000000780011200) thrown at [C:\re\workspace\8-2-build-windows-amd64-cygwin\jdk8u211\12973\hotspot\src\share\vm\prims\jni.cpp, line 736]

Events (10 events):
Event: 3.372 loading class com/sun/org/apache/xerces/internal/impl/dtd/models/CMNode done
Event: 3.372 loading class com/sun/org/apache/xerces/internal/impl/dtd/models/CMBinOp done
Event: 3.372 loading class com/sun/org/apache/xerces/internal/impl/dtd/models/CMUniOp
Event: 3.372 loading class com/sun/org/apache/xerces/internal/impl/dtd/models/CMUniOp done
Event: 3.372 loading class com/sun/org/apache/xerces/internal/impl/dtd/models/CMLeaf
Event: 3.372 loading class com/sun/org/apache/xerces/internal/impl/dtd/models/CMLeaf done
Event: 3.372 loading class com/sun/org/apache/xerces/internal/impl/dtd/models/DFAContentModel
Event: 3.372 loading class com/sun/org/apache/xerces/internal/impl/dtd/models/DFAContentModel done
Event: 3.372 loading class com/sun/org/apache/xerces/internal/impl/dtd/models/CMStateSet
Event: 3.372 loading class com/sun/org/apache/xerces/internal/impl/dtd/models/CMStateSet done


Dynamic libraries:
0x00007ff630fb0000 - 0x00007ff630fe7000 	C:\Program Files\Java\jre1.8.0_211\bin\javaw.exe
0x00007ffcf6d00000 - 0x00007ffcf6ef0000 	C:\Windows\SYSTEM32\ntdll.dll
0x00007ffcf69c0000 - 0x00007ffcf6a72000 	C:\Windows\System32\KERNEL32.DLL
0x00007ffcf3f70000 - 0x00007ffcf4213000 	C:\Windows\System32\KERNELBASE.dll
0x00007ffcf61d0000 - 0x00007ffcf6273000 	C:\Windows\System32\ADVAPI32.dll
0x00007ffcf5670000 - 0x00007ffcf570e000 	C:\Windows\System32\msvcrt.dll
0x00007ffcf6920000 - 0x00007ffcf69b7000 	C:\Windows\System32\sechost.dll
0x00007ffcf59c0000 - 0x00007ffcf5ae0000 	C:\Windows\System32\RPCRT4.dll
0x00007ffcf5290000 - 0x00007ffcf5424000 	C:\Windows\System32\USER32.dll
0x00007ffcf3c90000 - 0x00007ffcf3cb1000 	C:\Windows\System32\win32u.dll
0x00007ffcf51e0000 - 0x00007ffcf5206000 	C:\Windows\System32\GDI32.dll
0x00007ffcf4340000 - 0x00007ffcf44d4000 	C:\Windows\System32\gdi32full.dll
0x00007ffcf4220000 - 0x00007ffcf42be000 	C:\Windows\System32\msvcp_win.dll
0x00007ffcf3de0000 - 0x00007ffcf3eda000 	C:\Windows\System32\ucrtbase.dll
0x00007ffcd6780000 - 0x00007ffcd6a05000 	C:\Windows\WinSxS\amd64_microsoft.windows.common-controls_6595b64144ccf1df_6.0.18362.592_none_e6c0b1911312be02\COMCTL32.dll
0x00007ffcf4db0000 - 0x00007ffcf50e6000 	C:\Windows\System32\combase.dll
0x00007ffcf42c0000 - 0x00007ffcf4340000 	C:\Windows\System32\bcryptPrimitives.dll
0x00007ffcf5150000 - 0x00007ffcf517e000 	C:\Windows\System32\IMM32.DLL
0x0000000060e50000 - 0x0000000060f22000 	C:\Program Files\Java\jre1.8.0_211\bin\msvcr100.dll
0x000000005f9b0000 - 0x0000000060255000 	C:\Program Files\Java\jre1.8.0_211\bin\server\jvm.dll
0x00007ffcf59b0000 - 0x00007ffcf59b8000 	C:\Windows\System32\PSAPI.DLL
0x00007ffcce4f0000 - 0x00007ffcce4f9000 	C:\Windows\SYSTEM32\WSOCK32.dll
0x00007ffcec960000 - 0x00007ffcec96a000 	C:\Windows\SYSTEM32\VERSION.dll
0x00007ffceb050000 - 0x00007ffceb074000 	C:\Windows\SYSTEM32\WINMM.dll
0x00007ffcf54a0000 - 0x00007ffcf550f000 	C:\Windows\System32\WS2_32.dll
0x00007ffceafe0000 - 0x00007ffceb00d000 	C:\Windows\SYSTEM32\WINMMBASE.dll
0x00007ffcf3cc0000 - 0x00007ffcf3d0a000 	C:\Windows\System32\cfgmgr32.dll
0x00007ffcec150000 - 0x00007ffcec15f000 	C:\Program Files\Java\jre1.8.0_211\bin\verify.dll
0x00007ffccec70000 - 0x00007ffccec99000 	C:\Program Files\Java\jre1.8.0_211\bin\java.dll
0x00007ffcd52d0000 - 0x00007ffcd52e6000 	C:\Program Files\Java\jre1.8.0_211\bin\zip.dll
0x00007ffcf5ae0000 - 0x00007ffcf61c5000 	C:\Windows\System32\SHELL32.dll
0x00007ffcf55c0000 - 0x00007ffcf5669000 	C:\Windows\System32\shcore.dll
0x00007ffcf4630000 - 0x00007ffcf4daf000 	C:\Windows\System32\windows.storage.dll
0x00007ffcf3c00000 - 0x00007ffcf3c1f000 	C:\Windows\System32\profapi.dll
0x00007ffcf3c20000 - 0x00007ffcf3c6a000 	C:\Windows\System32\powrprof.dll
0x00007ffcf3bd0000 - 0x00007ffcf3be0000 	C:\Windows\System32\UMPDC.dll
0x00007ffcf5180000 - 0x00007ffcf51d2000 	C:\Windows\System32\shlwapi.dll
0x00007ffcf3c70000 - 0x00007ffcf3c81000 	C:\Windows\System32\kernel.appcore.dll
0x00007ffcf3d10000 - 0x00007ffcf3d27000 	C:\Windows\System32\cryptsp.dll
0x00007ffcc8b40000 - 0x00007ffcc8b4d000 	C:\Program Files\Java\jre1.8.0_211\bin\management.dll
0x00007ffcd4ba0000 - 0x00007ffcd4bba000 	C:\Program Files\Java\jre1.8.0_211\bin\net.dll
0x00007ffce1bd0000 - 0x00007ffce1da6000 	C:\Windows\SYSTEM32\urlmon.dll
0x00007ffce4cb0000 - 0x00007ffce4f56000 	C:\Windows\SYSTEM32\iertutil.dll
0x00007ffcf3610000 - 0x00007ffcf361c000 	C:\Windows\SYSTEM32\CRYPTBASE.DLL
0x00007ffcf3440000 - 0x00007ffcf34a7000 	C:\Windows\system32\mswsock.dll
0x00007ffccd280000 - 0x00007ffccd292000 	C:\Program Files\Java\jre1.8.0_211\bin\nio.dll
0x00007ffcc85c0000 - 0x00007ffcc85d6000 	C:\Windows\system32\napinsp.dll
0x00007ffcc8600000 - 0x00007ffcc861a000 	C:\Windows\system32\pnrpnsp.dll
0x00007ffcf3190000 - 0x00007ffcf325a000 	C:\Windows\SYSTEM32\DNSAPI.dll
0x00007ffcf5710000 - 0x00007ffcf5718000 	C:\Windows\System32\NSI.dll
0x00007ffcf3150000 - 0x00007ffcf318a000 	C:\Windows\SYSTEM32\IPHLPAPI.DLL
0x00007ffcc84a0000 - 0x00007ffcc84ae000 	C:\Windows\System32\winrnr.dll
0x00007ffcf0ed0000 - 0x00007ffcf0eec000 	C:\Windows\system32\NLAapi.dll
0x00007ffcf00a0000 - 0x00007ffcf00b5000 	C:\Windows\system32\wshbth.dll
0x0000000060aa0000 - 0x0000000060ad5000 	C:\Program Files\Bonjour\mdnsNSP.dll
0x00007ffcec850000 - 0x00007ffcec85a000 	C:\Windows\System32\rasadhlp.dll
0x00007ffcef910000 - 0x00007ffcef987000 	C:\Windows\System32\fwpuclnt.dll
0x00007ffcf3f40000 - 0x00007ffcf3f66000 	C:\Windows\System32\bcrypt.dll
0x00007ffcf2fb0000 - 0x00007ffcf2fe3000 	C:\Windows\system32\rsaenh.dll
0x00007ffcf3af0000 - 0x00007ffcf3b15000 	C:\Windows\SYSTEM32\USERENV.dll
0x00007ffcef8d0000 - 0x00007ffcef8e6000 	C:\Windows\SYSTEM32\dhcpcsvc6.DLL
0x00007ffcef8b0000 - 0x00007ffcef8cc000 	C:\Windows\SYSTEM32\dhcpcsvc.DLL

VM Arguments:
jvm_args: -Dcom.sun.management.jmxremote -Dcom.sun.management.jmxremote.port=54171 -Dcom.sun.management.jmxremote.authenticate=false -Dcom.sun.management.jmxremote.ssl=false -Djava.rmi.server.hostname=localhost -Dspring.jmx.enabled=true -Dspring.application.admin.enabled=true -Xmx3072M -Xverify:none -XX:TieredStopAtLevel=1 -Dfile.encoding=UTF-8 
java_command: com.analyze.controllers.AddScreenShotToAdController --spring.output.ansi.enabled=always
java_class_path (initial): C:\Users\agordic\Documents\workspace-spring-tool-suite-4-4.2.1.RELEASE\nups_analiza_trzista\target\classes;C:\Users\agordic\.m2\repository\it\grabz\grabzit\grabzit\3.3.7\grabzit-3.3.7.jar;C:\Users\agordic\.m2\repository\org\seleniumhq\selenium\selenium-java\3.141.59\selenium-java-3.141.59.jar;C:\Users\agordic\.m2\repository\org\seleniumhq\selenium\selenium-api\3.14.0\selenium-api-3.14.0.jar;C:\Users\agordic\.m2\repository\org\seleniumhq\selenium\selenium-chrome-driver\3.14.0\selenium-chrome-driver-3.14.0.jar;C:\Users\agordic\.m2\repository\commons-codec\commons-codec\1.11\commons-codec-1.11.jar;C:\Users\agordic\.m2\repository\commons-logging\commons-logging\1.2\commons-logging-1.2.jar;C:\Users\agordic\.m2\repository\org\apache\httpcomponents\httpclient\4.5.7\httpclient-4.5.7.jar;C:\Users\agordic\.m2\repository\org\apache\httpcomponents\httpcore\4.4.11\httpcore-4.4.11.jar;C:\Users\agordic\.m2\repository\org\seleniumhq\selenium\selenium-edge-driver\3.14.0\selenium-edge-driver-3.14.0.jar;C:\Users\agordic\.m2\repository\org\seleniumhq\selenium\selenium-firefox-driver\3.14.0\selenium-firefox-driver-3.14.0.jar;C:\Users\agordic\.m2\repository\org\seleniumhq\selenium\selenium-ie-driver\3.14.0\selenium-ie-driver-3.14.0.jar;C:\Users\agordic\.m2\repository\org\seleniumhq\selenium\selenium-opera-driver\3.14.0\selenium-opera-driver-3.14.0.jar;C:\Users\agordic\.m2\repository\org\seleniumhq\selenium\selenium-remote-driver\3.14.0\selenium-remote-driver-3.14.0.jar;C:\Users\agordic\.m2\repository\org\seleniumhq\selenium\selenium-safari-driver\3.14.0\selenium-safari-driver-3.14.0.jar;C:\Users\agordic\.m2\repository\org\seleniumhq\selenium\selenium-support\3.14.0\selenium-support-3.14.0.jar;C:\Users\agordic\.m2\repository\net\bytebuddy\byte-buddy\1.9.10\byte-buddy-1.9.10.jar;C:\Users\agordic\.m2\repository\org\apache\commons\commons-exec\1.3\commons-exec-1.3.jar;C:\Users\agordic\.m2\repository\com\google\guava\guava\25.0-jre\guava-25.0-jre.jar;C:\Users\agor
Launcher Type: SUN_STANDARD

Environment Variables:
JAVA_HOME=C:\Program Files\Java\jdk1.8.0_211
PATH=C:/Program Files/Java/jre1.8.0_211/bin/server;C:/Program Files/Java/jre1.8.0_211/bin;C:/Program Files/Java/jre1.8.0_211/lib/amd64;C:\Python27\;C:\Python27\Scripts;C:\Program Files (x86)\Common Files\Oracle\Java\javapath;C:\Windows\system32;C:\Windows;C:\Windows\System32\Wbem;C:\Windows\System32\WindowsPowerShell\v1.0\;C:\Windows\System32\OpenSSH\;C:\Program Files\Git\cmd;C:\Program Files\TortoiseGit\bin;C:\xampp\php;C:\composer;C:\Program Files\Java\jdk1.8.0_211\bin\;C:\Program Files\PuTTY\;C:\ProgramData\chocolatey\bin;C:\Program Files\nodejs\;C:\Program Files\PostgreSQL\12\bin;C:\Program Files\PostgreSQL\12\lib;C:\Program Files\Intel\WiFi\bin\;C:\Program Files\Common Files\Intel\WirelessCommon\;C:\Program Files (x86)\GitExtensions\;C:\Users\agordic\AppData\Local\Microsoft\WindowsApps;C:\Program Files\apache-maven-3.6.0\bin;;C:\Users\agordic\AppData\Local\Programs\Microsoft VS Code\bin;C:\Program Files\JetBrains\IntelliJ IDEA Community Edition 2019.2\bin;;C:\Users\agordic\AppData\Roaming\Composer\vendor\bin;C:\Users\agordic\AppData\Roaming\npm;C:\Users\agordic\Desktop\spring-tool-suite-4-4.2.1.RELEASE-e4.11.0-win32.win32.x86_64\sts-4.2.1.RELEASE;
USERNAME=agordic
OS=Windows_NT
PROCESSOR_IDENTIFIER=Intel64 Family 6 Model 142 Stepping 10, GenuineIntel



---------------  S Y S T E M  ---------------

OS: Windows 10.0 , 64 bit Build 18362 (10.0.18362.329)

CPU:total 8 (initial active 8) (4 cores per cpu, 2 threads per core) family 6 model 142 stepping 10, cmov, cx8, fxsr, mmx, sse, sse2, sse3, ssse3, sse4.1, sse4.2, popcnt, avx, avx2, aes, clmul, erms, 3dnowpref, lzcnt, ht, tsc, tscinvbit, bmi1, bmi2, adx

Memory: 4k page, physical 16595444k(3319576k free), swap 42812400k(4092k free)

vm_info: Java HotSpot(TM) 64-Bit Server VM (25.211-b12) for windows-amd64 JRE (1.8.0_211-b12), built on Apr  1 2019 20:53:26 by "java_re" with MS VC++ 10.0 (VS2010)

time: Sat Jan 25 20:07:04 2020
timezone: Central Europe Standard Time
elapsed time: 3 seconds (0d 0h 0m 3s)

